{"meta": {"format": 3, "version": "7.13.1", "timestamp": "2026-01-23T19:05:50.010328", "branch_coverage": false, "show_contexts": false}, "files": {"src/shared_ai_utils/__init__.py": {"executed_lines": [], "summary": {"covered_lines": 0, "num_statements": 15, "percent_covered": 0.0, "percent_covered_display": "0", "missing_lines": 15, "excluded_lines": 0, "percent_statements_covered": 0.0, "percent_statements_covered_display": "0"}, "missing_lines": [7, 10, 26, 47, 62, 69, 76, 83, 92, 102, 103, 104, 110, 115, 121], "excluded_lines": [], "functions": {"": {"executed_lines": [], "summary": {"covered_lines": 0, "num_statements": 15, "percent_covered": 0.0, "percent_covered_display": "0", "missing_lines": 15, "excluded_lines": 0, "percent_statements_covered": 0.0, "percent_statements_covered_display": "0"}, "missing_lines": [7, 10, 26, 47, 62, 69, 76, 83, 92, 102, 103, 104, 110, 115, 121], "excluded_lines": [], "start_line": 1}}, "classes": {"": {"executed_lines": [], "summary": {"covered_lines": 0, "num_statements": 15, "percent_covered": 0.0, "percent_covered_display": "0", "missing_lines": 15, "excluded_lines": 0, "percent_statements_covered": 0.0, "percent_statements_covered_display": "0"}, "missing_lines": [7, 10, 26, 47, 62, 69, 76, 83, 92, 102, 103, 104, 110, 115, 121], "excluded_lines": [], "start_line": 1}}}, "src/shared_ai_utils/analytics/__init__.py": {"executed_lines": [], "summary": {"covered_lines": 0, "num_statements": 2, "percent_covered": 0.0, "percent_covered_display": "0", "missing_lines": 2, "excluded_lines": 0, "percent_statements_covered": 0.0, "percent_statements_covered_display": "0"}, "missing_lines": [3, 10], "excluded_lines": [], "functions": {"": {"executed_lines": [], "summary": {"covered_lines": 0, "num_statements": 2, "percent_covered": 0.0, "percent_covered_display": "0", "missing_lines": 2, "excluded_lines": 0, "percent_statements_covered": 0.0, "percent_statements_covered_display": "0"}, "missing_lines": [3, 10], "excluded_lines": [], "start_line": 1}}, "classes": {"": {"executed_lines": [], "summary": {"covered_lines": 0, "num_statements": 2, "percent_covered": 0.0, "percent_covered_display": "0", "missing_lines": 2, "excluded_lines": 0, "percent_statements_covered": 0.0, "percent_statements_covered_display": "0"}, "missing_lines": [3, 10], "excluded_lines": [], "start_line": 1}}}, "src/shared_ai_utils/analytics/dashboards.py": {"executed_lines": [], "summary": {"covered_lines": 0, "num_statements": 22, "percent_covered": 0.0, "percent_covered_display": "0", "missing_lines": 22, "excluded_lines": 0, "percent_statements_covered": 0.0, "percent_statements_covered_display": "0"}, "missing_lines": [10, 13, 32, 35, 36, 65, 66, 94, 95, 123, 124, 151, 167, 176, 237, 246, 293, 302, 367, 377, 379, 380], "excluded_lines": [], "functions": {"create_unified_dashboard_config": {"executed_lines": [], "summary": {"covered_lines": 0, "num_statements": 10, "percent_covered": 0.0, "percent_covered_display": "0", "missing_lines": 10, "excluded_lines": 0, "percent_statements_covered": 0.0, "percent_statements_covered_display": "0"}, "missing_lines": [32, 35, 36, 65, 66, 94, 95, 123, 124, 151], "excluded_lines": [], "start_line": 13}, "create_assessment_dashboard_config": {"executed_lines": [], "summary": {"covered_lines": 0, "num_statements": 1, "percent_covered": 0.0, "percent_covered_display": "0", "missing_lines": 1, "excluded_lines": 0, "percent_statements_covered": 0.0, "percent_statements_covered_display": "0"}, "missing_lines": [176], "excluded_lines": [], "start_line": 167}, "create_sensor_dashboard_config": {"executed_lines": [], "summary": {"covered_lines": 0, "num_statements": 1, "percent_covered": 0.0, "percent_covered_display": "0", "missing_lines": 1, "excluded_lines": 0, "percent_statements_covered": 0.0, "percent_statements_covered_display": "0"}, "missing_lines": [246], "excluded_lines": [], "start_line": 237}, "create_pattern_dashboard_config": {"executed_lines": [], "summary": {"covered_lines": 0, "num_statements": 1, "percent_covered": 0.0, "percent_covered_display": "0", "missing_lines": 1, "excluded_lines": 0, "percent_statements_covered": 0.0, "percent_statements_covered_display": "0"}, "missing_lines": [302], "excluded_lines": [], "start_line": 293}, "export_dashboard_to_superset": {"executed_lines": [], "summary": {"covered_lines": 0, "num_statements": 3, "percent_covered": 0.0, "percent_covered_display": "0", "missing_lines": 3, "excluded_lines": 0, "percent_statements_covered": 0.0, "percent_statements_covered_display": "0"}, "missing_lines": [377, 379, 380], "excluded_lines": [], "start_line": 367}, "": {"executed_lines": [], "summary": {"covered_lines": 0, "num_statements": 6, "percent_covered": 0.0, "percent_covered_display": "0", "missing_lines": 6, "excluded_lines": 0, "percent_statements_covered": 0.0, "percent_statements_covered_display": "0"}, "missing_lines": [10, 13, 167, 237, 293, 367], "excluded_lines": [], "start_line": 1}}, "classes": {"": {"executed_lines": [], "summary": {"covered_lines": 0, "num_statements": 22, "percent_covered": 0.0, "percent_covered_display": "0", "missing_lines": 22, "excluded_lines": 0, "percent_statements_covered": 0.0, "percent_statements_covered_display": "0"}, "missing_lines": [10, 13, 32, 35, 36, 65, 66, 94, 95, 123, 124, 151, 167, 176, 237, 246, 293, 302, 367, 377, 379, 380], "excluded_lines": [], "start_line": 1}}}, "src/shared_ai_utils/api/__init__.py": {"executed_lines": [], "summary": {"covered_lines": 0, "num_statements": 8, "percent_covered": 0.0, "percent_covered_display": "0", "missing_lines": 8, "excluded_lines": 0, "percent_statements_covered": 0.0, "percent_statements_covered_display": "0"}, "missing_lines": [8, 15, 25, 26, 27, 28, 33, 38], "excluded_lines": [], "functions": {"": {"executed_lines": [], "summary": {"covered_lines": 0, "num_statements": 8, "percent_covered": 0.0, "percent_covered_display": "0", "missing_lines": 8, "excluded_lines": 0, "percent_statements_covered": 0.0, "percent_statements_covered_display": "0"}, "missing_lines": [8, 15, 25, 26, 27, 28, 33, 38], "excluded_lines": [], "start_line": 1}}, "classes": {"": {"executed_lines": [], "summary": {"covered_lines": 0, "num_statements": 8, "percent_covered": 0.0, "percent_covered_display": "0", "missing_lines": 8, "excluded_lines": 0, "percent_statements_covered": 0.0, "percent_statements_covered_display": "0"}, "missing_lines": [8, 15, 25, 26, 27, 28, 33, 38], "excluded_lines": [], "start_line": 1}}}, "src/shared_ai_utils/api/auth.py": {"executed_lines": [], "summary": {"covered_lines": 0, "num_statements": 40, "percent_covered": 0.0, "percent_covered_display": "0", "missing_lines": 40, "excluded_lines": 0, "percent_statements_covered": 0.0, "percent_statements_covered_display": "0"}, "missing_lines": [3, 4, 5, 6, 8, 9, 11, 14, 15, 18, 28, 29, 30, 33, 43, 44, 45, 48, 49, 50, 52, 55, 73, 75, 76, 78, 79, 80, 85, 86, 87, 93, 94, 100, 103, 112, 113, 115, 118, 127], "excluded_lines": [], "functions": {"verify_api_key": {"executed_lines": [], "summary": {"covered_lines": 0, "num_statements": 3, "percent_covered": 0.0, "percent_covered_display": "0", "missing_lines": 3, "excluded_lines": 0, "percent_statements_covered": 0.0, "percent_statements_covered_display": "0"}, "missing_lines": [28, 29, 30], "excluded_lines": [], "start_line": 18}, "get_api_key_from_request": {"executed_lines": [], "summary": {"covered_lines": 0, "num_statements": 7, "percent_covered": 0.0, "percent_covered_display": "0", "missing_lines": 7, "excluded_lines": 0, "percent_statements_covered": 0.0, "percent_statements_covered_display": "0"}, "missing_lines": [43, 44, 45, 48, 49, 50, 52], "excluded_lines": [], "start_line": 33}, "verify_api_key_dependency": {"executed_lines": [], "summary": {"covered_lines": 0, "num_statements": 12, "percent_covered": 0.0, "percent_covered_display": "0", "missing_lines": 12, "excluded_lines": 0, "percent_statements_covered": 0.0, "percent_statements_covered_display": "0"}, "missing_lines": [73, 75, 76, 78, 79, 80, 85, 86, 87, 93, 94, 100], "excluded_lines": [], "start_line": 55}, "create_api_key_auth": {"executed_lines": [], "summary": {"covered_lines": 0, "num_statements": 2, "percent_covered": 0.0, "percent_covered_display": "0", "missing_lines": 2, "excluded_lines": 0, "percent_statements_covered": 0.0, "percent_statements_covered_display": "0"}, "missing_lines": [112, 115], "excluded_lines": [], "start_line": 103}, "create_api_key_auth.auth_dependency": {"executed_lines": [], "summary": {"covered_lines": 0, "num_statements": 1, "percent_covered": 0.0, "percent_covered_display": "0", "missing_lines": 1, "excluded_lines": 0, "percent_statements_covered": 0.0, "percent_statements_covered_display": "0"}, "missing_lines": [113], "excluded_lines": [], "start_line": 112}, "hash_api_key": {"executed_lines": [], "summary": {"covered_lines": 0, "num_statements": 1, "percent_covered": 0.0, "percent_covered_display": "0", "missing_lines": 1, "excluded_lines": 0, "percent_statements_covered": 0.0, "percent_statements_covered_display": "0"}, "missing_lines": [127], "excluded_lines": [], "start_line": 118}, "": {"executed_lines": [], "summary": {"covered_lines": 0, "num_statements": 14, "percent_covered": 0.0, "percent_covered_display": "0", "missing_lines": 14, "excluded_lines": 0, "percent_statements_covered": 0.0, "percent_statements_covered_display": "0"}, "missing_lines": [3, 4, 5, 6, 8, 9, 11, 14, 15, 18, 33, 55, 103, 118], "excluded_lines": [], "start_line": 1}}, "classes": {"": {"executed_lines": [], "summary": {"covered_lines": 0, "num_statements": 40, "percent_covered": 0.0, "percent_covered_display": "0", "missing_lines": 40, "excluded_lines": 0, "percent_statements_covered": 0.0, "percent_statements_covered_display": "0"}, "missing_lines": [3, 4, 5, 6, 8, 9, 11, 14, 15, 18, 28, 29, 30, 33, 43, 44, 45, 48, 49, 50, 52, 55, 73, 75, 76, 78, 79, 80, 85, 86, 87, 93, 94, 100, 103, 112, 113, 115, 118, 127], "excluded_lines": [], "start_line": 1}}}, "src/shared_ai_utils/api/errors.py": {"executed_lines": [], "summary": {"covered_lines": 0, "num_statements": 47, "percent_covered": 0.0, "percent_covered_display": "0", "missing_lines": 47, "excluded_lines": 0, "percent_statements_covered": 0.0, "percent_statements_covered_display": "0"}, "missing_lines": [7, 9, 10, 13, 17, 18, 19, 20, 23, 24, 25, 28, 29, 32, 33, 36, 37, 38, 41, 44, 45, 46, 49, 52, 53, 54, 55, 56, 59, 79, 87, 93, 100, 101, 102, 104, 113, 119, 120, 121, 123, 132, 138, 147, 152, 161, 168], "excluded_lines": [], "functions": {"create_error_response": {"executed_lines": [], "summary": {"covered_lines": 0, "num_statements": 2, "percent_covered": 0.0, "percent_covered_display": "0", "missing_lines": 2, "excluded_lines": 0, "percent_statements_covered": 0.0, "percent_statements_covered_display": "0"}, "missing_lines": [79, 87], "excluded_lines": [], "start_line": 59}, "validation_error": {"executed_lines": [], "summary": {"covered_lines": 0, "num_statements": 4, "percent_covered": 0.0, "percent_covered_display": "0", "missing_lines": 4, "excluded_lines": 0, "percent_statements_covered": 0.0, "percent_statements_covered_display": "0"}, "missing_lines": [100, 101, 102, 104], "excluded_lines": [], "start_line": 93}, "not_found_error": {"executed_lines": [], "summary": {"covered_lines": 0, "num_statements": 4, "percent_covered": 0.0, "percent_covered_display": "0", "missing_lines": 4, "excluded_lines": 0, "percent_statements_covered": 0.0, "percent_statements_covered_display": "0"}, "missing_lines": [119, 120, 121, 123], "excluded_lines": [], "start_line": 113}, "internal_error": {"executed_lines": [], "summary": {"covered_lines": 0, "num_statements": 1, "percent_covered": 0.0, "percent_covered_display": "0", "missing_lines": 1, "excluded_lines": 0, "percent_statements_covered": 0.0, "percent_statements_covered_display": "0"}, "missing_lines": [138], "excluded_lines": [], "start_line": 132}, "service_unavailable_error": {"executed_lines": [], "summary": {"covered_lines": 0, "num_statements": 1, "percent_covered": 0.0, "percent_covered_display": "0", "missing_lines": 1, "excluded_lines": 0, "percent_statements_covered": 0.0, "percent_statements_covered_display": "0"}, "missing_lines": [152], "excluded_lines": [], "start_line": 147}, "file_upload_error": {"executed_lines": [], "summary": {"covered_lines": 0, "num_statements": 1, "percent_covered": 0.0, "percent_covered_display": "0", "missing_lines": 1, "excluded_lines": 0, "percent_statements_covered": 0.0, "percent_statements_covered_display": "0"}, "missing_lines": [168], "excluded_lines": [], "start_line": 161}, "": {"executed_lines": [], "summary": {"covered_lines": 0, "num_statements": 34, "percent_covered": 0.0, "percent_covered_display": "0", "missing_lines": 34, "excluded_lines": 0, "percent_statements_covered": 0.0, "percent_statements_covered_display": "0"}, "missing_lines": [7, 9, 10, 13, 17, 18, 19, 20, 23, 24, 25, 28, 29, 32, 33, 36, 37, 38, 41, 44, 45, 46, 49, 52, 53, 54, 55, 56, 59, 93, 113, 132, 147, 161], "excluded_lines": [], "start_line": 1}}, "classes": {"ErrorCode": {"executed_lines": [], "summary": {"covered_lines": 0, "num_statements": 0, "percent_covered": 100.0, "percent_covered_display": "100", "missing_lines": 0, "excluded_lines": 0, "percent_statements_covered": 100.0, "percent_statements_covered_display": "100"}, "missing_lines": [], "excluded_lines": [], "start_line": 13}, "ErrorResponse": {"executed_lines": [], "summary": {"covered_lines": 0, "num_statements": 0, "percent_covered": 100.0, "percent_covered_display": "100", "missing_lines": 0, "excluded_lines": 0, "percent_statements_covered": 100.0, "percent_statements_covered_display": "100"}, "missing_lines": [], "excluded_lines": [], "start_line": 49}, "": {"executed_lines": [], "summary": {"covered_lines": 0, "num_statements": 47, "percent_covered": 0.0, "percent_covered_display": "0", "missing_lines": 47, "excluded_lines": 0, "percent_statements_covered": 0.0, "percent_statements_covered_display": "0"}, "missing_lines": [7, 9, 10, 13, 17, 18, 19, 20, 23, 24, 25, 28, 29, 32, 33, 36, 37, 38, 41, 44, 45, 46, 49, 52, 53, 54, 55, 56, 59, 79, 87, 93, 100, 101, 102, 104, 113, 119, 120, 121, 123, 132, 138, 147, 152, 161, 168], "excluded_lines": [], "start_line": 1}}}, "src/shared_ai_utils/api/health.py": {"executed_lines": [], "summary": {"covered_lines": 0, "num_statements": 31, "percent_covered": 0.0, "percent_covered_display": "0", "missing_lines": 31, "excluded_lines": 0, "percent_statements_covered": 0.0, "percent_statements_covered_display": "0"}, "missing_lines": [7, 8, 10, 11, 14, 17, 18, 19, 20, 21, 24, 40, 42, 43, 45, 46, 49, 50, 53, 55, 56, 59, 60, 61, 62, 63, 65, 73, 74, 76, 86], "excluded_lines": [], "functions": {"create_health_router": {"executed_lines": [], "summary": {"covered_lines": 0, "num_statements": 6, "percent_covered": 0.0, "percent_covered_display": "0", "missing_lines": 6, "excluded_lines": 0, "percent_statements_covered": 0.0, "percent_statements_covered_display": "0"}, "missing_lines": [40, 42, 43, 73, 74, 86], "excluded_lines": [], "start_line": 24}, "create_health_router.health_check": {"executed_lines": [], "summary": {"covered_lines": 0, "num_statements": 13, "percent_covered": 0.0, "percent_covered_display": "0", "missing_lines": 13, "excluded_lines": 0, "percent_statements_covered": 0.0, "percent_statements_covered_display": "0"}, "missing_lines": [45, 46, 49, 50, 53, 55, 56, 59, 60, 61, 62, 63, 65], "excluded_lines": [], "start_line": 43}, "create_health_router.root": {"executed_lines": [], "summary": {"covered_lines": 0, "num_statements": 1, "percent_covered": 0.0, "percent_covered_display": "0", "missing_lines": 1, "excluded_lines": 0, "percent_statements_covered": 0.0, "percent_statements_covered_display": "0"}, "missing_lines": [76], "excluded_lines": [], "start_line": 74}, "": {"executed_lines": [], "summary": {"covered_lines": 0, "num_statements": 11, "percent_covered": 0.0, "percent_covered_display": "0", "missing_lines": 11, "excluded_lines": 0, "percent_statements_covered": 0.0, "percent_statements_covered_display": "0"}, "missing_lines": [7, 8, 10, 11, 14, 17, 18, 19, 20, 21, 24], "excluded_lines": [], "start_line": 1}}, "classes": {"HealthResponse": {"executed_lines": [], "summary": {"covered_lines": 0, "num_statements": 0, "percent_covered": 100.0, "percent_covered_display": "100", "missing_lines": 0, "excluded_lines": 0, "percent_statements_covered": 100.0, "percent_statements_covered_display": "100"}, "missing_lines": [], "excluded_lines": [], "start_line": 14}, "": {"executed_lines": [], "summary": {"covered_lines": 0, "num_statements": 31, "percent_covered": 0.0, "percent_covered_display": "0", "missing_lines": 31, "excluded_lines": 0, "percent_statements_covered": 0.0, "percent_statements_covered_display": "0"}, "missing_lines": [7, 8, 10, 11, 14, 17, 18, 19, 20, 21, 24, 40, 42, 43, 45, 46, 49, 50, 53, 55, 56, 59, 60, 61, 62, 63, 65, 73, 74, 76, 86], "excluded_lines": [], "start_line": 1}}}, "src/shared_ai_utils/api/logging.py": {"executed_lines": [], "summary": {"covered_lines": 0, "num_statements": 41, "percent_covered": 0.0, "percent_covered_display": "0", "missing_lines": 41, "excluded_lines": 0, "percent_statements_covered": 0.0, "percent_statements_covered_display": "0"}, "missing_lines": [3, 4, 5, 7, 8, 10, 13, 16, 33, 34, 35, 36, 37, 39, 42, 43, 46, 47, 48, 49, 52, 60, 61, 62, 63, 64, 65, 67, 74, 75, 76, 77, 80, 88, 91, 93, 99, 100, 101, 102, 107], "excluded_lines": [], "functions": {"RequestResponseLoggingMiddleware.__init__": {"executed_lines": [], "summary": {"covered_lines": 0, "num_statements": 5, "percent_covered": 0.0, "percent_covered_display": "0", "missing_lines": 5, "excluded_lines": 0, "percent_statements_covered": 0.0, "percent_statements_covered_display": "0"}, "missing_lines": [33, 34, 35, 36, 37], "excluded_lines": [], "start_line": 16}, "RequestResponseLoggingMiddleware.dispatch": {"executed_lines": [], "summary": {"covered_lines": 0, "num_statements": 27, "percent_covered": 0.0, "percent_covered_display": "0", "missing_lines": 27, "excluded_lines": 0, "percent_statements_covered": 0.0, "percent_statements_covered_display": "0"}, "missing_lines": [42, 43, 46, 47, 48, 49, 52, 60, 61, 62, 63, 64, 65, 67, 74, 75, 76, 77, 80, 88, 91, 93, 99, 100, 101, 102, 107], "excluded_lines": [], "start_line": 39}, "": {"executed_lines": [], "summary": {"covered_lines": 0, "num_statements": 9, "percent_covered": 0.0, "percent_covered_display": "0", "missing_lines": 9, "excluded_lines": 0, "percent_statements_covered": 0.0, "percent_statements_covered_display": "0"}, "missing_lines": [3, 4, 5, 7, 8, 10, 13, 16, 39], "excluded_lines": [], "start_line": 1}}, "classes": {"RequestResponseLoggingMiddleware": {"executed_lines": [], "summary": {"covered_lines": 0, "num_statements": 32, "percent_covered": 0.0, "percent_covered_display": "0", "missing_lines": 32, "excluded_lines": 0, "percent_statements_covered": 0.0, "percent_statements_covered_display": "0"}, "missing_lines": [33, 34, 35, 36, 37, 42, 43, 46, 47, 48, 49, 52, 60, 61, 62, 63, 64, 65, 67, 74, 75, 76, 77, 80, 88, 91, 93, 99, 100, 101, 102, 107], "excluded_lines": [], "start_line": 13}, "": {"executed_lines": [], "summary": {"covered_lines": 0, "num_statements": 9, "percent_covered": 0.0, "percent_covered_display": "0", "missing_lines": 9, "excluded_lines": 0, "percent_statements_covered": 0.0, "percent_statements_covered_display": "0"}, "missing_lines": [3, 4, 5, 7, 8, 10, 13, 16, 39], "excluded_lines": [], "start_line": 1}}}, "src/shared_ai_utils/api/middleware.py": {"executed_lines": [], "summary": {"covered_lines": 0, "num_statements": 37, "percent_covered": 0.0, "percent_covered_display": "0", "missing_lines": 37, "excluded_lines": 0, "percent_statements_covered": 0.0, "percent_statements_covered_display": "0"}, "missing_lines": [7, 8, 9, 10, 12, 13, 14, 16, 19, 22, 25, 28, 31, 32, 37, 39, 42, 45, 48, 53, 54, 56, 57, 62, 65, 88, 89, 91, 96, 97, 99, 100, 101, 102, 103, 105, 108], "excluded_lines": [], "functions": {"RequestIDMiddleware.dispatch": {"executed_lines": [], "summary": {"covered_lines": 0, "num_statements": 14, "percent_covered": 0.0, "percent_covered_display": "0", "missing_lines": 14, "excluded_lines": 0, "percent_statements_covered": 0.0, "percent_statements_covered_display": "0"}, "missing_lines": [25, 28, 31, 32, 37, 39, 42, 45, 48, 53, 54, 56, 57, 62], "excluded_lines": [], "start_line": 22}, "create_cors_middleware": {"executed_lines": [], "summary": {"covered_lines": 0, "num_statements": 12, "percent_covered": 0.0, "percent_covered_display": "0", "missing_lines": 12, "excluded_lines": 0, "percent_statements_covered": 0.0, "percent_statements_covered_display": "0"}, "missing_lines": [88, 89, 91, 96, 97, 99, 100, 101, 102, 103, 105, 108], "excluded_lines": [], "start_line": 65}, "": {"executed_lines": [], "summary": {"covered_lines": 0, "num_statements": 11, "percent_covered": 0.0, "percent_covered_display": "0", "missing_lines": 11, "excluded_lines": 0, "percent_statements_covered": 0.0, "percent_statements_covered_display": "0"}, "missing_lines": [7, 8, 9, 10, 12, 13, 14, 16, 19, 22, 65], "excluded_lines": [], "start_line": 1}}, "classes": {"RequestIDMiddleware": {"executed_lines": [], "summary": {"covered_lines": 0, "num_statements": 14, "percent_covered": 0.0, "percent_covered_display": "0", "missing_lines": 14, "excluded_lines": 0, "percent_statements_covered": 0.0, "percent_statements_covered_display": "0"}, "missing_lines": [25, 28, 31, 32, 37, 39, 42, 45, 48, 53, 54, 56, 57, 62], "excluded_lines": [], "start_line": 19}, "": {"executed_lines": [], "summary": {"covered_lines": 0, "num_statements": 23, "percent_covered": 0.0, "percent_covered_display": "0", "missing_lines": 23, "excluded_lines": 0, "percent_statements_covered": 0.0, "percent_statements_covered_display": "0"}, "missing_lines": [7, 8, 9, 10, 12, 13, 14, 16, 19, 22, 65, 88, 89, 91, 96, 97, 99, 100, 101, 102, 103, 105, 108], "excluded_lines": [], "start_line": 1}}}, "src/shared_ai_utils/api/rate_limit.py": {"executed_lines": [], "summary": {"covered_lines": 0, "num_statements": 54, "percent_covered": 0.0, "percent_covered_display": "0", "missing_lines": 54, "excluded_lines": 0, "percent_statements_covered": 0.0, "percent_statements_covered_display": "0"}, "missing_lines": [3, 4, 5, 7, 8, 11, 17, 30, 31, 32, 35, 36, 37, 39, 41, 42, 43, 45, 54, 57, 58, 59, 62, 63, 64, 67, 68, 69, 72, 73, 74, 76, 79, 82, 97, 98, 99, 100, 102, 103, 105, 106, 107, 109, 112, 113, 116, 119, 120, 121, 127, 130, 147, 152], "excluded_lines": [], "functions": {"RateLimiter.__init__": {"executed_lines": [], "summary": {"covered_lines": 0, "num_statements": 6, "percent_covered": 0.0, "percent_covered_display": "0", "missing_lines": 6, "excluded_lines": 0, "percent_statements_covered": 0.0, "percent_statements_covered_display": "0"}, "missing_lines": [30, 31, 32, 35, 36, 37], "excluded_lines": [], "start_line": 17}, "RateLimiter._cleanup_old_requests": {"executed_lines": [], "summary": {"covered_lines": 0, "num_statements": 3, "percent_covered": 0.0, "percent_covered_display": "0", "missing_lines": 3, "excluded_lines": 0, "percent_statements_covered": 0.0, "percent_statements_covered_display": "0"}, "missing_lines": [41, 42, 43], "excluded_lines": [], "start_line": 39}, "RateLimiter.is_allowed": {"executed_lines": [], "summary": {"covered_lines": 0, "num_statements": 14, "percent_covered": 0.0, "percent_covered_display": "0", "missing_lines": 14, "excluded_lines": 0, "percent_statements_covered": 0.0, "percent_statements_covered_display": "0"}, "missing_lines": [54, 57, 58, 59, 62, 63, 64, 67, 68, 69, 72, 73, 74, 76], "excluded_lines": [], "start_line": 45}, "RateLimitMiddleware.__init__": {"executed_lines": [], "summary": {"covered_lines": 0, "num_statements": 4, "percent_covered": 0.0, "percent_covered_display": "0", "missing_lines": 4, "excluded_lines": 0, "percent_statements_covered": 0.0, "percent_statements_covered_display": "0"}, "missing_lines": [97, 98, 99, 100], "excluded_lines": [], "start_line": 82}, "RateLimitMiddleware._get_client_ip": {"executed_lines": [], "summary": {"covered_lines": 0, "num_statements": 3, "percent_covered": 0.0, "percent_covered_display": "0", "missing_lines": 3, "excluded_lines": 0, "percent_statements_covered": 0.0, "percent_statements_covered_display": "0"}, "missing_lines": [105, 106, 107], "excluded_lines": [], "start_line": 103}, "RateLimitMiddleware.dispatch": {"executed_lines": [], "summary": {"covered_lines": 0, "num_statements": 7, "percent_covered": 0.0, "percent_covered_display": "0", "missing_lines": 7, "excluded_lines": 0, "percent_statements_covered": 0.0, "percent_statements_covered_display": "0"}, "missing_lines": [112, 113, 116, 119, 120, 121, 127], "excluded_lines": [], "start_line": 109}, "create_rate_limit_middleware": {"executed_lines": [], "summary": {"covered_lines": 0, "num_statements": 2, "percent_covered": 0.0, "percent_covered_display": "0", "missing_lines": 2, "excluded_lines": 0, "percent_statements_covered": 0.0, "percent_statements_covered_display": "0"}, "missing_lines": [147, 152], "excluded_lines": [], "start_line": 130}, "": {"executed_lines": [], "summary": {"covered_lines": 0, "num_statements": 15, "percent_covered": 0.0, "percent_covered_display": "0", "missing_lines": 15, "excluded_lines": 0, "percent_statements_covered": 0.0, "percent_statements_covered_display": "0"}, "missing_lines": [3, 4, 5, 7, 8, 11, 17, 39, 45, 79, 82, 102, 103, 109, 130], "excluded_lines": [], "start_line": 1}}, "classes": {"RateLimiter": {"executed_lines": [], "summary": {"covered_lines": 0, "num_statements": 23, "percent_covered": 0.0, "percent_covered_display": "0", "missing_lines": 23, "excluded_lines": 0, "percent_statements_covered": 0.0, "percent_statements_covered_display": "0"}, "missing_lines": [30, 31, 32, 35, 36, 37, 41, 42, 43, 54, 57, 58, 59, 62, 63, 64, 67, 68, 69, 72, 73, 74, 76], "excluded_lines": [], "start_line": 11}, "RateLimitMiddleware": {"executed_lines": [], "summary": {"covered_lines": 0, "num_statements": 14, "percent_covered": 0.0, "percent_covered_display": "0", "missing_lines": 14, "excluded_lines": 0, "percent_statements_covered": 0.0, "percent_statements_covered_display": "0"}, "missing_lines": [97, 98, 99, 100, 105, 106, 107, 112, 113, 116, 119, 120, 121, 127], "excluded_lines": [], "start_line": 79}, "": {"executed_lines": [], "summary": {"covered_lines": 0, "num_statements": 17, "percent_covered": 0.0, "percent_covered_display": "0", "missing_lines": 17, "excluded_lines": 0, "percent_statements_covered": 0.0, "percent_statements_covered_display": "0"}, "missing_lines": [3, 4, 5, 7, 8, 11, 17, 39, 45, 79, 82, 102, 103, 109, 130, 147, 152], "excluded_lines": [], "start_line": 1}}}, "src/shared_ai_utils/api/websocket.py": {"executed_lines": [], "summary": {"covered_lines": 0, "num_statements": 77, "percent_covered": 0.0, "percent_covered_display": "0", "missing_lines": 77, "excluded_lines": 0, "percent_statements_covered": 0.0, "percent_statements_covered_display": "0"}, "missing_lines": [3, 4, 5, 7, 8, 10, 13, 16, 18, 20, 27, 28, 29, 31, 37, 38, 39, 41, 51, 52, 53, 55, 56, 57, 58, 59, 61, 62, 63, 64, 65, 66, 68, 78, 79, 80, 82, 83, 84, 86, 87, 88, 89, 91, 92, 93, 94, 97, 98, 100, 102, 108, 111, 125, 127, 128, 130, 131, 132, 133, 134, 135, 138, 139, 140, 141, 142, 143, 144, 147, 149, 150, 151, 152, 153, 154, 155], "excluded_lines": [], "functions": {"WebSocketManager.__init__": {"executed_lines": [], "summary": {"covered_lines": 0, "num_statements": 1, "percent_covered": 0.0, "percent_covered_display": "0", "missing_lines": 1, "excluded_lines": 0, "percent_statements_covered": 0.0, "percent_statements_covered_display": "0"}, "missing_lines": [18], "excluded_lines": [], "start_line": 16}, "WebSocketManager.connect": {"executed_lines": [], "summary": {"covered_lines": 0, "num_statements": 3, "percent_covered": 0.0, "percent_covered_display": "0", "missing_lines": 3, "excluded_lines": 0, "percent_statements_covered": 0.0, "percent_statements_covered_display": "0"}, "missing_lines": [27, 28, 29], "excluded_lines": [], "start_line": 20}, "WebSocketManager.disconnect": {"executed_lines": [], "summary": {"covered_lines": 0, "num_statements": 3, "percent_covered": 0.0, "percent_covered_display": "0", "missing_lines": 3, "excluded_lines": 0, "percent_statements_covered": 0.0, "percent_statements_covered_display": "0"}, "missing_lines": [37, 38, 39], "excluded_lines": [], "start_line": 31}, "WebSocketManager.send_message": {"executed_lines": [], "summary": {"covered_lines": 0, "num_statements": 14, "percent_covered": 0.0, "percent_covered_display": "0", "missing_lines": 14, "excluded_lines": 0, "percent_statements_covered": 0.0, "percent_statements_covered_display": "0"}, "missing_lines": [51, 52, 53, 55, 56, 57, 58, 59, 61, 62, 63, 64, 65, 66], "excluded_lines": [], "start_line": 41}, "WebSocketManager.broadcast": {"executed_lines": [], "summary": {"covered_lines": 0, "num_statements": 17, "percent_covered": 0.0, "percent_covered_display": "0", "missing_lines": 17, "excluded_lines": 0, "percent_statements_covered": 0.0, "percent_statements_covered_display": "0"}, "missing_lines": [78, 79, 80, 82, 83, 84, 86, 87, 88, 89, 91, 92, 93, 94, 97, 98, 100], "excluded_lines": [], "start_line": 68}, "WebSocketManager.get_connection_count": {"executed_lines": [], "summary": {"covered_lines": 0, "num_statements": 1, "percent_covered": 0.0, "percent_covered_display": "0", "missing_lines": 1, "excluded_lines": 0, "percent_statements_covered": 0.0, "percent_statements_covered_display": "0"}, "missing_lines": [108], "excluded_lines": [], "start_line": 102}, "websocket_endpoint": {"executed_lines": [], "summary": {"covered_lines": 0, "num_statements": 24, "percent_covered": 0.0, "percent_covered_display": "0", "missing_lines": 24, "excluded_lines": 0, "percent_statements_covered": 0.0, "percent_statements_covered_display": "0"}, "missing_lines": [125, 127, 128, 130, 131, 132, 133, 134, 135, 138, 139, 140, 141, 142, 143, 144, 147, 149, 150, 151, 152, 153, 154, 155], "excluded_lines": [], "start_line": 111}, "": {"executed_lines": [], "summary": {"covered_lines": 0, "num_statements": 14, "percent_covered": 0.0, "percent_covered_display": "0", "missing_lines": 14, "excluded_lines": 0, "percent_statements_covered": 0.0, "percent_statements_covered_display": "0"}, "missing_lines": [3, 4, 5, 7, 8, 10, 13, 16, 20, 31, 41, 68, 102, 111], "excluded_lines": [], "start_line": 1}}, "classes": {"WebSocketManager": {"executed_lines": [], "summary": {"covered_lines": 0, "num_statements": 39, "percent_covered": 0.0, "percent_covered_display": "0", "missing_lines": 39, "excluded_lines": 0, "percent_statements_covered": 0.0, "percent_statements_covered_display": "0"}, "missing_lines": [18, 27, 28, 29, 37, 38, 39, 51, 52, 53, 55, 56, 57, 58, 59, 61, 62, 63, 64, 65, 66, 78, 79, 80, 82, 83, 84, 86, 87, 88, 89, 91, 92, 93, 94, 97, 98, 100, 108], "excluded_lines": [], "start_line": 13}, "": {"executed_lines": [], "summary": {"covered_lines": 0, "num_statements": 38, "percent_covered": 0.0, "percent_covered_display": "0", "missing_lines": 38, "excluded_lines": 0, "percent_statements_covered": 0.0, "percent_statements_covered_display": "0"}, "missing_lines": [3, 4, 5, 7, 8, 10, 13, 16, 20, 31, 41, 68, 102, 111, 125, 127, 128, 130, 131, 132, 133, 134, 135, 138, 139, 140, 141, 142, 143, 144, 147, 149, 150, 151, 152, 153, 154, 155], "excluded_lines": [], "start_line": 1}}}, "src/shared_ai_utils/assessment/__init__.py": {"executed_lines": [], "summary": {"covered_lines": 0, "num_statements": 7, "percent_covered": 0.0, "percent_covered_display": "0", "missing_lines": 7, "excluded_lines": 0, "percent_statements_covered": 0.0, "percent_statements_covered_display": "0"}, "missing_lines": [7, 8, 9, 20, 26, 31, 33], "excluded_lines": [], "functions": {"": {"executed_lines": [], "summary": {"covered_lines": 0, "num_statements": 7, "percent_covered": 0.0, "percent_covered_display": "0", "missing_lines": 7, "excluded_lines": 0, "percent_statements_covered": 0.0, "percent_statements_covered_display": "0"}, "missing_lines": [7, 8, 9, 20, 26, 31, 33], "excluded_lines": [], "start_line": 1}}, "classes": {"": {"executed_lines": [], "summary": {"covered_lines": 0, "num_statements": 7, "percent_covered": 0.0, "percent_covered_display": "0", "missing_lines": 7, "excluded_lines": 0, "percent_statements_covered": 0.0, "percent_statements_covered_display": "0"}, "missing_lines": [7, 8, 9, 20, 26, 31, 33], "excluded_lines": [], "start_line": 1}}}, "src/shared_ai_utils/assessment/engine.py": {"executed_lines": [], "summary": {"covered_lines": 0, "num_statements": 288, "percent_covered": 0.0, "percent_covered_display": "0", "missing_lines": 288, "excluded_lines": 0, "percent_statements_covered": 0.0, "percent_statements_covered_display": "0"}, "missing_lines": [12, 13, 14, 16, 17, 28, 34, 35, 39, 41, 44, 62, 87, 88, 89, 90, 91, 92, 95, 96, 97, 100, 102, 103, 105, 107, 117, 118, 121, 124, 125, 126, 127, 130, 131, 132, 139, 140, 141, 143, 144, 145, 146, 148, 149, 152, 155, 158, 163, 166, 167, 168, 170, 172, 199, 206, 208, 215, 218, 223, 224, 225, 228, 229, 231, 234, 235, 236, 238, 248, 252, 386, 390, 391, 392, 394, 396, 397, 399, 400, 401, 403, 404, 406, 408, 409, 410, 412, 414, 415, 416, 418, 420, 422, 424, 430, 432, 433, 435, 440, 441, 442, 447, 449, 451, 452, 453, 454, 457, 458, 461, 463, 465, 466, 467, 468, 471, 474, 476, 478, 480, 481, 484, 485, 486, 487, 488, 489, 490, 491, 492, 493, 496, 497, 498, 499, 501, 503, 505, 507, 508, 517, 518, 527, 529, 531, 532, 533, 534, 536, 538, 540, 541, 543, 544, 545, 546, 547, 548, 550, 552, 554, 555, 557, 558, 567, 569, 571, 572, 573, 574, 576, 578, 580, 581, 583, 584, 585, 586, 587, 588, 590, 592, 594, 595, 597, 598, 607, 609, 611, 612, 613, 614, 616, 618, 620, 621, 623, 624, 625, 626, 628, 630, 632, 634, 635, 644, 646, 648, 649, 650, 651, 653, 655, 657, 658, 660, 661, 662, 663, 665, 667, 669, 670, 672, 673, 682, 684, 686, 687, 688, 689, 691, 693, 695, 696, 698, 699, 700, 702, 703, 705, 707, 709, 711, 712, 721, 723, 725, 726, 727, 728, 730, 732, 734, 736, 737, 742, 743, 745, 747, 749, 758, 760, 761, 762, 763, 765, 767, 769, 770, 772, 773, 774, 775, 777, 779, 781, 782, 784, 785, 794, 796, 798, 799, 800, 801, 803], "excluded_lines": [], "functions": {"AssessmentEngine.__init__": {"executed_lines": [], "summary": {"covered_lines": 0, "num_statements": 13, "percent_covered": 0.0, "percent_covered_display": "0", "missing_lines": 13, "excluded_lines": 0, "percent_statements_covered": 0.0, "percent_statements_covered_display": "0"}, "missing_lines": [87, 88, 89, 90, 91, 92, 95, 96, 97, 100, 102, 103, 105], "excluded_lines": [], "start_line": 62}, "AssessmentEngine.assess": {"executed_lines": [], "summary": {"covered_lines": 0, "num_statements": 30, "percent_covered": 0.0, "percent_covered_display": "0", "missing_lines": 30, "excluded_lines": 0, "percent_statements_covered": 0.0, "percent_statements_covered_display": "0"}, "missing_lines": [117, 118, 121, 124, 125, 126, 127, 130, 131, 132, 139, 140, 141, 143, 144, 145, 146, 148, 149, 152, 155, 158, 163, 166, 167, 168, 170, 172, 199, 206], "excluded_lines": [], "start_line": 107}, "AssessmentEngine._evaluate_path": {"executed_lines": [], "summary": {"covered_lines": 0, "num_statements": 12, "percent_covered": 0.0, "percent_covered_display": "0", "missing_lines": 12, "excluded_lines": 0, "percent_statements_covered": 0.0, "percent_statements_covered_display": "0"}, "missing_lines": [215, 218, 223, 224, 225, 228, 229, 231, 234, 235, 236, 238], "excluded_lines": [], "start_line": 208}, "AssessmentEngine._generate_metrics_for_path": {"executed_lines": [], "summary": {"covered_lines": 0, "num_statements": 1, "percent_covered": 0.0, "percent_covered_display": "0", "missing_lines": 1, "excluded_lines": 0, "percent_statements_covered": 0.0, "percent_statements_covered_display": "0"}, "missing_lines": [252], "excluded_lines": [], "start_line": 248}, "AssessmentEngine._identify_micro_motives": {"executed_lines": [], "summary": {"covered_lines": 0, "num_statements": 3, "percent_covered": 0.0, "percent_covered_display": "0", "missing_lines": 3, "excluded_lines": 0, "percent_statements_covered": 0.0, "percent_statements_covered_display": "0"}, "missing_lines": [390, 391, 392], "excluded_lines": [], "start_line": 386}, "AssessmentEngine._calculate_path_score": {"executed_lines": [], "summary": {"covered_lines": 0, "num_statements": 7, "percent_covered": 0.0, "percent_covered_display": "0", "missing_lines": 7, "excluded_lines": 0, "percent_statements_covered": 0.0, "percent_statements_covered_display": "0"}, "missing_lines": [396, 397, 399, 400, 401, 403, 404], "excluded_lines": [], "start_line": 394}, "AssessmentEngine._calculate_overall_score": {"executed_lines": [], "summary": {"covered_lines": 0, "num_statements": 3, "percent_covered": 0.0, "percent_covered_display": "0", "missing_lines": 3, "excluded_lines": 0, "percent_statements_covered": 0.0, "percent_statements_covered_display": "0"}, "missing_lines": [408, 409, 410], "excluded_lines": [], "start_line": 406}, "AssessmentEngine._determine_dominant_path": {"executed_lines": [], "summary": {"covered_lines": 0, "num_statements": 3, "percent_covered": 0.0, "percent_covered_display": "0", "missing_lines": 3, "excluded_lines": 0, "percent_statements_covered": 0.0, "percent_statements_covered_display": "0"}, "missing_lines": [414, 415, 416], "excluded_lines": [], "start_line": 412}, "AssessmentEngine._identify_strengths": {"executed_lines": [], "summary": {"covered_lines": 0, "num_statements": 1, "percent_covered": 0.0, "percent_covered_display": "0", "missing_lines": 1, "excluded_lines": 0, "percent_statements_covered": 0.0, "percent_statements_covered_display": "0"}, "missing_lines": [420], "excluded_lines": [], "start_line": 418}, "AssessmentEngine._identify_improvements": {"executed_lines": [], "summary": {"covered_lines": 0, "num_statements": 1, "percent_covered": 0.0, "percent_covered_display": "0", "missing_lines": 1, "excluded_lines": 0, "percent_statements_covered": 0.0, "percent_statements_covered_display": "0"}, "missing_lines": [424], "excluded_lines": [], "start_line": 422}, "AssessmentEngine._generate_summary": {"executed_lines": [], "summary": {"covered_lines": 0, "num_statements": 7, "percent_covered": 0.0, "percent_covered_display": "0", "missing_lines": 7, "excluded_lines": 0, "percent_statements_covered": 0.0, "percent_statements_covered_display": "0"}, "missing_lines": [432, 433, 435, 440, 441, 442, 447], "excluded_lines": [], "start_line": 430}, "AssessmentEngine._extract_key_findings": {"executed_lines": [], "summary": {"covered_lines": 0, "num_statements": 7, "percent_covered": 0.0, "percent_covered_display": "0", "missing_lines": 7, "excluded_lines": 0, "percent_statements_covered": 0.0, "percent_statements_covered_display": "0"}, "missing_lines": [451, 452, 453, 454, 457, 458, 461], "excluded_lines": [], "start_line": 449}, "AssessmentEngine._generate_recommendations": {"executed_lines": [], "summary": {"covered_lines": 0, "num_statements": 5, "percent_covered": 0.0, "percent_covered_display": "0", "missing_lines": 5, "excluded_lines": 0, "percent_statements_covered": 0.0, "percent_statements_covered_display": "0"}, "missing_lines": [465, 466, 467, 468, 471], "excluded_lines": [], "start_line": 463}, "AssessmentEngine._extract_text_content": {"executed_lines": [], "summary": {"covered_lines": 0, "num_statements": 1, "percent_covered": 0.0, "percent_covered_display": "0", "missing_lines": 1, "excluded_lines": 0, "percent_statements_covered": 0.0, "percent_statements_covered_display": "0"}, "missing_lines": [476], "excluded_lines": [], "start_line": 474}, "AssessmentEngine._analyze_code_quality": {"executed_lines": [], "summary": {"covered_lines": 0, "num_statements": 17, "percent_covered": 0.0, "percent_covered_display": "0", "missing_lines": 17, "excluded_lines": 0, "percent_statements_covered": 0.0, "percent_statements_covered_display": "0"}, "missing_lines": [480, 481, 484, 485, 486, 487, 488, 489, 490, 491, 492, 493, 496, 497, 498, 499, 501], "excluded_lines": [], "start_line": 478}, "AssessmentEngine._generate_code_quality_evidence": {"executed_lines": [], "summary": {"covered_lines": 0, "num_statements": 6, "percent_covered": 0.0, "percent_covered_display": "0", "missing_lines": 6, "excluded_lines": 0, "percent_statements_covered": 0.0, "percent_statements_covered_display": "0"}, "missing_lines": [505, 507, 508, 517, 518, 527], "excluded_lines": [], "start_line": 503}, "AssessmentEngine._explain_code_quality": {"executed_lines": [], "summary": {"covered_lines": 0, "num_statements": 5, "percent_covered": 0.0, "percent_covered_display": "0", "missing_lines": 5, "excluded_lines": 0, "percent_statements_covered": 0.0, "percent_statements_covered_display": "0"}, "missing_lines": [531, 532, 533, 534, 536], "excluded_lines": [], "start_line": 529}, "AssessmentEngine._analyze_problem_solving": {"executed_lines": [], "summary": {"covered_lines": 0, "num_statements": 9, "percent_covered": 0.0, "percent_covered_display": "0", "missing_lines": 9, "excluded_lines": 0, "percent_statements_covered": 0.0, "percent_statements_covered_display": "0"}, "missing_lines": [540, 541, 543, 544, 545, 546, 547, 548, 550], "excluded_lines": [], "start_line": 538}, "AssessmentEngine._generate_problem_solving_evidence": {"executed_lines": [], "summary": {"covered_lines": 0, "num_statements": 5, "percent_covered": 0.0, "percent_covered_display": "0", "missing_lines": 5, "excluded_lines": 0, "percent_statements_covered": 0.0, "percent_statements_covered_display": "0"}, "missing_lines": [554, 555, 557, 558, 567], "excluded_lines": [], "start_line": 552}, "AssessmentEngine._explain_problem_solving": {"executed_lines": [], "summary": {"covered_lines": 0, "num_statements": 5, "percent_covered": 0.0, "percent_covered_display": "0", "missing_lines": 5, "excluded_lines": 0, "percent_statements_covered": 0.0, "percent_statements_covered_display": "0"}, "missing_lines": [571, 572, 573, 574, 576], "excluded_lines": [], "start_line": 569}, "AssessmentEngine._analyze_testing": {"executed_lines": [], "summary": {"covered_lines": 0, "num_statements": 9, "percent_covered": 0.0, "percent_covered_display": "0", "missing_lines": 9, "excluded_lines": 0, "percent_statements_covered": 0.0, "percent_statements_covered_display": "0"}, "missing_lines": [580, 581, 583, 584, 585, 586, 587, 588, 590], "excluded_lines": [], "start_line": 578}, "AssessmentEngine._generate_testing_evidence": {"executed_lines": [], "summary": {"covered_lines": 0, "num_statements": 5, "percent_covered": 0.0, "percent_covered_display": "0", "missing_lines": 5, "excluded_lines": 0, "percent_statements_covered": 0.0, "percent_statements_covered_display": "0"}, "missing_lines": [594, 595, 597, 598, 607], "excluded_lines": [], "start_line": 592}, "AssessmentEngine._explain_testing": {"executed_lines": [], "summary": {"covered_lines": 0, "num_statements": 5, "percent_covered": 0.0, "percent_covered_display": "0", "missing_lines": 5, "excluded_lines": 0, "percent_statements_covered": 0.0, "percent_statements_covered_display": "0"}, "missing_lines": [611, 612, 613, 614, 616], "excluded_lines": [], "start_line": 609}, "AssessmentEngine._analyze_architecture": {"executed_lines": [], "summary": {"covered_lines": 0, "num_statements": 7, "percent_covered": 0.0, "percent_covered_display": "0", "missing_lines": 7, "excluded_lines": 0, "percent_statements_covered": 0.0, "percent_statements_covered_display": "0"}, "missing_lines": [620, 621, 623, 624, 625, 626, 628], "excluded_lines": [], "start_line": 618}, "AssessmentEngine._generate_architecture_evidence": {"executed_lines": [], "summary": {"covered_lines": 0, "num_statements": 4, "percent_covered": 0.0, "percent_covered_display": "0", "missing_lines": 4, "excluded_lines": 0, "percent_statements_covered": 0.0, "percent_statements_covered_display": "0"}, "missing_lines": [632, 634, 635, 644], "excluded_lines": [], "start_line": 630}, "AssessmentEngine._explain_architecture": {"executed_lines": [], "summary": {"covered_lines": 0, "num_statements": 5, "percent_covered": 0.0, "percent_covered_display": "0", "missing_lines": 5, "excluded_lines": 0, "percent_statements_covered": 0.0, "percent_statements_covered_display": "0"}, "missing_lines": [648, 649, 650, 651, 653], "excluded_lines": [], "start_line": 646}, "AssessmentEngine._analyze_design_thinking": {"executed_lines": [], "summary": {"covered_lines": 0, "num_statements": 7, "percent_covered": 0.0, "percent_covered_display": "0", "missing_lines": 7, "excluded_lines": 0, "percent_statements_covered": 0.0, "percent_statements_covered_display": "0"}, "missing_lines": [657, 658, 660, 661, 662, 663, 665], "excluded_lines": [], "start_line": 655}, "AssessmentEngine._generate_design_thinking_evidence": {"executed_lines": [], "summary": {"covered_lines": 0, "num_statements": 5, "percent_covered": 0.0, "percent_covered_display": "0", "missing_lines": 5, "excluded_lines": 0, "percent_statements_covered": 0.0, "percent_statements_covered_display": "0"}, "missing_lines": [669, 670, 672, 673, 682], "excluded_lines": [], "start_line": 667}, "AssessmentEngine._explain_design_thinking": {"executed_lines": [], "summary": {"covered_lines": 0, "num_statements": 5, "percent_covered": 0.0, "percent_covered_display": "0", "missing_lines": 5, "excluded_lines": 0, "percent_statements_covered": 0.0, "percent_statements_covered_display": "0"}, "missing_lines": [686, 687, 688, 689, 691], "excluded_lines": [], "start_line": 684}, "AssessmentEngine._analyze_documentation": {"executed_lines": [], "summary": {"covered_lines": 0, "num_statements": 8, "percent_covered": 0.0, "percent_covered_display": "0", "missing_lines": 8, "excluded_lines": 0, "percent_statements_covered": 0.0, "percent_statements_covered_display": "0"}, "missing_lines": [695, 696, 698, 699, 700, 702, 703, 705], "excluded_lines": [], "start_line": 693}, "AssessmentEngine._generate_documentation_evidence": {"executed_lines": [], "summary": {"covered_lines": 0, "num_statements": 4, "percent_covered": 0.0, "percent_covered_display": "0", "missing_lines": 4, "excluded_lines": 0, "percent_statements_covered": 0.0, "percent_statements_covered_display": "0"}, "missing_lines": [709, 711, 712, 721], "excluded_lines": [], "start_line": 707}, "AssessmentEngine._explain_documentation": {"executed_lines": [], "summary": {"covered_lines": 0, "num_statements": 5, "percent_covered": 0.0, "percent_covered_display": "0", "missing_lines": 5, "excluded_lines": 0, "percent_statements_covered": 0.0, "percent_statements_covered_display": "0"}, "missing_lines": [725, 726, 727, 728, 730], "excluded_lines": [], "start_line": 723}, "AssessmentEngine._analyze_readability": {"executed_lines": [], "summary": {"covered_lines": 0, "num_statements": 6, "percent_covered": 0.0, "percent_covered_display": "0", "missing_lines": 6, "excluded_lines": 0, "percent_statements_covered": 0.0, "percent_statements_covered_display": "0"}, "missing_lines": [734, 736, 737, 742, 743, 745], "excluded_lines": [], "start_line": 732}, "AssessmentEngine._generate_readability_evidence": {"executed_lines": [], "summary": {"covered_lines": 0, "num_statements": 1, "percent_covered": 0.0, "percent_covered_display": "0", "missing_lines": 1, "excluded_lines": 0, "percent_statements_covered": 0.0, "percent_statements_covered_display": "0"}, "missing_lines": [749], "excluded_lines": [], "start_line": 747}, "AssessmentEngine._explain_readability": {"executed_lines": [], "summary": {"covered_lines": 0, "num_statements": 5, "percent_covered": 0.0, "percent_covered_display": "0", "missing_lines": 5, "excluded_lines": 0, "percent_statements_covered": 0.0, "percent_statements_covered_display": "0"}, "missing_lines": [760, 761, 762, 763, 765], "excluded_lines": [], "start_line": 758}, "AssessmentEngine._analyze_analytical_thinking": {"executed_lines": [], "summary": {"covered_lines": 0, "num_statements": 7, "percent_covered": 0.0, "percent_covered_display": "0", "missing_lines": 7, "excluded_lines": 0, "percent_statements_covered": 0.0, "percent_statements_covered_display": "0"}, "missing_lines": [769, 770, 772, 773, 774, 775, 777], "excluded_lines": [], "start_line": 767}, "AssessmentEngine._generate_analytical_evidence": {"executed_lines": [], "summary": {"covered_lines": 0, "num_statements": 5, "percent_covered": 0.0, "percent_covered_display": "0", "missing_lines": 5, "excluded_lines": 0, "percent_statements_covered": 0.0, "percent_statements_covered_display": "0"}, "missing_lines": [781, 782, 784, 785, 794], "excluded_lines": [], "start_line": 779}, "AssessmentEngine._explain_analytical_thinking": {"executed_lines": [], "summary": {"covered_lines": 0, "num_statements": 5, "percent_covered": 0.0, "percent_covered_display": "0", "missing_lines": 5, "excluded_lines": 0, "percent_statements_covered": 0.0, "percent_statements_covered_display": "0"}, "missing_lines": [798, 799, 800, 801, 803], "excluded_lines": [], "start_line": 796}, "": {"executed_lines": [], "summary": {"covered_lines": 0, "num_statements": 49, "percent_covered": 0.0, "percent_covered_display": "0", "missing_lines": 49, "excluded_lines": 0, "percent_statements_covered": 0.0, "percent_statements_covered_display": "0"}, "missing_lines": [12, 13, 14, 16, 17, 28, 34, 35, 39, 41, 44, 62, 107, 208, 248, 386, 394, 406, 412, 418, 422, 430, 449, 463, 474, 478, 503, 529, 538, 552, 569, 578, 592, 609, 618, 630, 646, 655, 667, 684, 693, 707, 723, 732, 747, 758, 767, 779, 796], "excluded_lines": [], "start_line": 1}}, "classes": {"AssessmentEngine": {"executed_lines": [], "summary": {"covered_lines": 0, "num_statements": 239, "percent_covered": 0.0, "percent_covered_display": "0", "missing_lines": 239, "excluded_lines": 0, "percent_statements_covered": 0.0, "percent_statements_covered_display": "0"}, "missing_lines": [87, 88, 89, 90, 91, 92, 95, 96, 97, 100, 102, 103, 105, 117, 118, 121, 124, 125, 126, 127, 130, 131, 132, 139, 140, 141, 143, 144, 145, 146, 148, 149, 152, 155, 158, 163, 166, 167, 168, 170, 172, 199, 206, 215, 218, 223, 224, 225, 228, 229, 231, 234, 235, 236, 238, 252, 390, 391, 392, 396, 397, 399, 400, 401, 403, 404, 408, 409, 410, 414, 415, 416, 420, 424, 432, 433, 435, 440, 441, 442, 447, 451, 452, 453, 454, 457, 458, 461, 465, 466, 467, 468, 471, 476, 480, 481, 484, 485, 486, 487, 488, 489, 490, 491, 492, 493, 496, 497, 498, 499, 501, 505, 507, 508, 517, 518, 527, 531, 532, 533, 534, 536, 540, 541, 543, 544, 545, 546, 547, 548, 550, 554, 555, 557, 558, 567, 571, 572, 573, 574, 576, 580, 581, 583, 584, 585, 586, 587, 588, 590, 594, 595, 597, 598, 607, 611, 612, 613, 614, 616, 620, 621, 623, 624, 625, 626, 628, 632, 634, 635, 644, 648, 649, 650, 651, 653, 657, 658, 660, 661, 662, 663, 665, 669, 670, 672, 673, 682, 686, 687, 688, 689, 691, 695, 696, 698, 699, 700, 702, 703, 705, 709, 711, 712, 721, 725, 726, 727, 728, 730, 734, 736, 737, 742, 743, 745, 749, 760, 761, 762, 763, 765, 769, 770, 772, 773, 774, 775, 777, 781, 782, 784, 785, 794, 798, 799, 800, 801, 803], "excluded_lines": [], "start_line": 44}, "": {"executed_lines": [], "summary": {"covered_lines": 0, "num_statements": 49, "percent_covered": 0.0, "percent_covered_display": "0", "missing_lines": 49, "excluded_lines": 0, "percent_statements_covered": 0.0, "percent_statements_covered_display": "0"}, "missing_lines": [12, 13, 14, 16, 17, 28, 34, 35, 39, 41, 44, 62, 107, 208, 248, 386, 394, 406, 412, 418, 422, 430, 449, 463, 474, 478, 503, 529, 538, 552, 569, 578, 592, 609, 618, 630, 646, 655, 667, 684, 693, 707, 723, 732, 747, 758, 767, 779, 796], "excluded_lines": [], "start_line": 1}}}, "src/shared_ai_utils/assessment/helpers.py": {"executed_lines": [], "summary": {"covered_lines": 0, "num_statements": 13, "percent_covered": 0.0, "percent_covered_display": "0", "missing_lines": 13, "excluded_lines": 0, "percent_statements_covered": 0.0, "percent_statements_covered_display": "0"}, "missing_lines": [3, 6, 16, 19, 20, 21, 22, 23, 24, 25, 28, 29, 31], "excluded_lines": [], "functions": {"extract_text_content": {"executed_lines": [], "summary": {"covered_lines": 0, "num_statements": 11, "percent_covered": 0.0, "percent_covered_display": "0", "missing_lines": 11, "excluded_lines": 0, "percent_statements_covered": 0.0, "percent_statements_covered_display": "0"}, "missing_lines": [16, 19, 20, 21, 22, 23, 24, 25, 28, 29, 31], "excluded_lines": [], "start_line": 6}, "": {"executed_lines": [], "summary": {"covered_lines": 0, "num_statements": 2, "percent_covered": 0.0, "percent_covered_display": "0", "missing_lines": 2, "excluded_lines": 0, "percent_statements_covered": 0.0, "percent_statements_covered_display": "0"}, "missing_lines": [3, 6], "excluded_lines": [], "start_line": 1}}, "classes": {"": {"executed_lines": [], "summary": {"covered_lines": 0, "num_statements": 13, "percent_covered": 0.0, "percent_covered_display": "0", "missing_lines": 13, "excluded_lines": 0, "percent_statements_covered": 0.0, "percent_statements_covered_display": "0"}, "missing_lines": [3, 6, 16, 19, 20, 21, 22, 23, 24, 25, 28, 29, 31], "excluded_lines": [], "start_line": 1}}}, "src/shared_ai_utils/assessment/models.py": {"executed_lines": [], "summary": {"covered_lines": 0, "num_statements": 96, "percent_covered": 0.0, "percent_covered_display": "0", "missing_lines": 96, "excluded_lines": 0, "percent_statements_covered": 0.0, "percent_statements_covered_display": "0"}, "missing_lines": [3, 4, 5, 6, 7, 9, 12, 15, 16, 17, 18, 19, 20, 23, 26, 27, 28, 29, 30, 33, 36, 37, 38, 39, 40, 41, 44, 47, 48, 49, 50, 51, 54, 57, 58, 59, 60, 61, 64, 67, 68, 69, 70, 71, 72, 73, 76, 79, 80, 81, 82, 83, 84, 87, 90, 91, 92, 95, 96, 99, 102, 103, 106, 107, 108, 111, 112, 113, 116, 119, 120, 121, 122, 123, 125, 126, 127, 129, 130, 133, 135, 136, 137, 139, 140, 141, 142, 144, 145, 146, 148, 149, 151, 152, 153, 154], "excluded_lines": [], "functions": {"AssessmentInput.validate_candidate_id": {"executed_lines": [], "summary": {"covered_lines": 0, "num_statements": 3, "percent_covered": 0.0, "percent_covered_display": "0", "missing_lines": 3, "excluded_lines": 0, "percent_statements_covered": 0.0, "percent_statements_covered_display": "0"}, "missing_lines": [129, 130, 133], "excluded_lines": [], "start_line": 127}, "AssessmentInput.validate_submission_type": {"executed_lines": [], "summary": {"covered_lines": 0, "num_statements": 4, "percent_covered": 0.0, "percent_covered_display": "0", "missing_lines": 4, "excluded_lines": 0, "percent_statements_covered": 0.0, "percent_statements_covered_display": "0"}, "missing_lines": [139, 140, 141, 142], "excluded_lines": [], "start_line": 137}, "AssessmentInput.validate_content": {"executed_lines": [], "summary": {"covered_lines": 0, "num_statements": 6, "percent_covered": 0.0, "percent_covered_display": "0", "missing_lines": 6, "excluded_lines": 0, "percent_statements_covered": 0.0, "percent_statements_covered_display": "0"}, "missing_lines": [148, 149, 151, 152, 153, 154], "excluded_lines": [], "start_line": 146}, "": {"executed_lines": [], "summary": {"covered_lines": 0, "num_statements": 83, "percent_covered": 0.0, "percent_covered_display": "0", "missing_lines": 83, "excluded_lines": 0, "percent_statements_covered": 0.0, "percent_statements_covered_display": "0"}, "missing_lines": [3, 4, 5, 6, 7, 9, 12, 15, 16, 17, 18, 19, 20, 23, 26, 27, 28, 29, 30, 33, 36, 37, 38, 39, 40, 41, 44, 47, 48, 49, 50, 51, 54, 57, 58, 59, 60, 61, 64, 67, 68, 69, 70, 71, 72, 73, 76, 79, 80, 81, 82, 83, 84, 87, 90, 91, 92, 95, 96, 99, 102, 103, 106, 107, 108, 111, 112, 113, 116, 119, 120, 121, 122, 123, 125, 126, 127, 135, 136, 137, 144, 145, 146], "excluded_lines": [], "start_line": 1}}, "classes": {"MotiveType": {"executed_lines": [], "summary": {"covered_lines": 0, "num_statements": 0, "percent_covered": 100.0, "percent_covered_display": "100", "missing_lines": 0, "excluded_lines": 0, "percent_statements_covered": 100.0, "percent_statements_covered_display": "100"}, "missing_lines": [], "excluded_lines": [], "start_line": 12}, "PathType": {"executed_lines": [], "summary": {"covered_lines": 0, "num_statements": 0, "percent_covered": 100.0, "percent_covered_display": "100", "missing_lines": 0, "excluded_lines": 0, "percent_statements_covered": 100.0, "percent_statements_covered_display": "100"}, "missing_lines": [], "excluded_lines": [], "start_line": 23}, "EvidenceType": {"executed_lines": [], "summary": {"covered_lines": 0, "num_statements": 0, "percent_covered": 100.0, "percent_covered_display": "100", "missing_lines": 0, "excluded_lines": 0, "percent_statements_covered": 100.0, "percent_statements_covered_display": "100"}, "missing_lines": [], "excluded_lines": [], "start_line": 33}, "Evidence": {"executed_lines": [], "summary": {"covered_lines": 0, "num_statements": 0, "percent_covered": 100.0, "percent_covered_display": "100", "missing_lines": 0, "excluded_lines": 0, "percent_statements_covered": 100.0, "percent_statements_covered_display": "100"}, "missing_lines": [], "excluded_lines": [], "start_line": 44}, "MicroMotive": {"executed_lines": [], "summary": {"covered_lines": 0, "num_statements": 0, "percent_covered": 100.0, "percent_covered_display": "100", "missing_lines": 0, "excluded_lines": 0, "percent_statements_covered": 100.0, "percent_statements_covered_display": "100"}, "missing_lines": [], "excluded_lines": [], "start_line": 54}, "ScoringMetric": {"executed_lines": [], "summary": {"covered_lines": 0, "num_statements": 0, "percent_covered": 100.0, "percent_covered_display": "100", "missing_lines": 0, "excluded_lines": 0, "percent_statements_covered": 100.0, "percent_statements_covered_display": "100"}, "missing_lines": [], "excluded_lines": [], "start_line": 64}, "PathScore": {"executed_lines": [], "summary": {"covered_lines": 0, "num_statements": 0, "percent_covered": 100.0, "percent_covered_display": "100", "missing_lines": 0, "excluded_lines": 0, "percent_statements_covered": 100.0, "percent_statements_covered_display": "100"}, "missing_lines": [], "excluded_lines": [], "start_line": 76}, "AssessmentResult": {"executed_lines": [], "summary": {"covered_lines": 0, "num_statements": 0, "percent_covered": 100.0, "percent_covered_display": "100", "missing_lines": 0, "excluded_lines": 0, "percent_statements_covered": 100.0, "percent_statements_covered_display": "100"}, "missing_lines": [], "excluded_lines": [], "start_line": 87}, "AssessmentInput": {"executed_lines": [], "summary": {"covered_lines": 0, "num_statements": 13, "percent_covered": 0.0, "percent_covered_display": "0", "missing_lines": 13, "excluded_lines": 0, "percent_statements_covered": 0.0, "percent_statements_covered_display": "0"}, "missing_lines": [129, 130, 133, 139, 140, 141, 142, 148, 149, 151, 152, 153, 154], "excluded_lines": [], "start_line": 116}, "": {"executed_lines": [], "summary": {"covered_lines": 0, "num_statements": 83, "percent_covered": 0.0, "percent_covered_display": "0", "missing_lines": 83, "excluded_lines": 0, "percent_statements_covered": 0.0, "percent_statements_covered_display": "0"}, "missing_lines": [3, 4, 5, 6, 7, 9, 12, 15, 16, 17, 18, 19, 20, 23, 26, 27, 28, 29, 30, 33, 36, 37, 38, 39, 40, 41, 44, 47, 48, 49, 50, 51, 54, 57, 58, 59, 60, 61, 64, 67, 68, 69, 70, 71, 72, 73, 76, 79, 80, 81, 82, 83, 84, 87, 90, 91, 92, 95, 96, 99, 102, 103, 106, 107, 108, 111, 112, 113, 116, 119, 120, 121, 122, 123, 125, 126, 127, 135, 136, 137, 144, 145, 146], "excluded_lines": [], "start_line": 1}}}, "src/shared_ai_utils/assessment/pattern_checks.py": {"executed_lines": [], "summary": {"covered_lines": 0, "num_statements": 34, "percent_covered": 0.0, "percent_covered_display": "0", "missing_lines": 34, "excluded_lines": 0, "percent_statements_covered": 0.0, "percent_statements_covered_display": "0"}, "missing_lines": [7, 8, 9, 12, 13, 16, 17, 18, 19, 20, 21, 23, 25, 35, 39, 88, 100, 101, 103, 104, 105, 106, 117, 120, 135, 136, 138, 139, 140, 141, 142, 144, 147, 156], "excluded_lines": [], "functions": {"PatternViolation.to_dict": {"executed_lines": [], "summary": {"covered_lines": 0, "num_statements": 1, "percent_covered": 0.0, "percent_covered_display": "0", "missing_lines": 1, "excluded_lines": 0, "percent_statements_covered": 0.0, "percent_statements_covered_display": "0"}, "missing_lines": [25], "excluded_lines": [], "start_line": 23}, "detect_pattern_violations": {"executed_lines": [], "summary": {"covered_lines": 0, "num_statements": 7, "percent_covered": 0.0, "percent_covered_display": "0", "missing_lines": 7, "excluded_lines": 0, "percent_statements_covered": 0.0, "percent_statements_covered_display": "0"}, "missing_lines": [100, 101, 103, 104, 105, 106, 117], "excluded_lines": [], "start_line": 88}, "calculate_pattern_penalty": {"executed_lines": [], "summary": {"covered_lines": 0, "num_statements": 8, "percent_covered": 0.0, "percent_covered_display": "0", "missing_lines": 8, "excluded_lines": 0, "percent_statements_covered": 0.0, "percent_statements_covered_display": "0"}, "missing_lines": [135, 136, 138, 139, 140, 141, 142, 144], "excluded_lines": [], "start_line": 120}, "violations_to_metadata": {"executed_lines": [], "summary": {"covered_lines": 0, "num_statements": 1, "percent_covered": 0.0, "percent_covered_display": "0", "missing_lines": 1, "excluded_lines": 0, "percent_statements_covered": 0.0, "percent_statements_covered_display": "0"}, "missing_lines": [156], "excluded_lines": [], "start_line": 147}, "": {"executed_lines": [], "summary": {"covered_lines": 0, "num_statements": 17, "percent_covered": 0.0, "percent_covered_display": "0", "missing_lines": 17, "excluded_lines": 0, "percent_statements_covered": 0.0, "percent_statements_covered_display": "0"}, "missing_lines": [7, 8, 9, 12, 13, 16, 17, 18, 19, 20, 21, 23, 35, 39, 88, 120, 147], "excluded_lines": [], "start_line": 1}}, "classes": {"PatternViolation": {"executed_lines": [], "summary": {"covered_lines": 0, "num_statements": 1, "percent_covered": 0.0, "percent_covered_display": "0", "missing_lines": 1, "excluded_lines": 0, "percent_statements_covered": 0.0, "percent_statements_covered_display": "0"}, "missing_lines": [25], "excluded_lines": [], "start_line": 13}, "": {"executed_lines": [], "summary": {"covered_lines": 0, "num_statements": 33, "percent_covered": 0.0, "percent_covered_display": "0", "missing_lines": 33, "excluded_lines": 0, "percent_statements_covered": 0.0, "percent_statements_covered_display": "0"}, "missing_lines": [7, 8, 9, 12, 13, 16, 17, 18, 19, 20, 21, 23, 35, 39, 88, 100, 101, 103, 104, 105, 106, 117, 120, 135, 136, 138, 139, 140, 141, 142, 144, 147, 156], "excluded_lines": [], "start_line": 1}}}, "src/shared_ai_utils/assessment/scorers/__init__.py": {"executed_lines": [], "summary": {"covered_lines": 0, "num_statements": 5, "percent_covered": 0.0, "percent_covered_display": "0", "missing_lines": 5, "excluded_lines": 0, "percent_statements_covered": 0.0, "percent_statements_covered_display": "0"}, "missing_lines": [3, 4, 5, 6, 8], "excluded_lines": [], "functions": {"": {"executed_lines": [], "summary": {"covered_lines": 0, "num_statements": 5, "percent_covered": 0.0, "percent_covered_display": "0", "missing_lines": 5, "excluded_lines": 0, "percent_statements_covered": 0.0, "percent_statements_covered_display": "0"}, "missing_lines": [3, 4, 5, 6, 8], "excluded_lines": [], "start_line": 1}}, "classes": {"": {"executed_lines": [], "summary": {"covered_lines": 0, "num_statements": 5, "percent_covered": 0.0, "percent_covered_display": "0", "missing_lines": 5, "excluded_lines": 0, "percent_statements_covered": 0.0, "percent_statements_covered_display": "0"}, "missing_lines": [3, 4, 5, 6, 8], "excluded_lines": [], "start_line": 1}}}, "src/shared_ai_utils/assessment/scorers/base.py": {"executed_lines": [], "summary": {"covered_lines": 0, "num_statements": 9, "percent_covered": 0.0, "percent_covered_display": "0", "missing_lines": 9, "excluded_lines": 0, "percent_statements_covered": 0.0, "percent_statements_covered_display": "0"}, "missing_lines": [3, 4, 6, 13, 16, 22, 38, 40, 52], "excluded_lines": [], "functions": {"BaseScorer.generate_metrics_for_path": {"executed_lines": [], "summary": {"covered_lines": 0, "num_statements": 1, "percent_covered": 0.0, "percent_covered_display": "0", "missing_lines": 1, "excluded_lines": 0, "percent_statements_covered": 0.0, "percent_statements_covered_display": "0"}, "missing_lines": [38], "excluded_lines": [], "start_line": 22}, "BaseScorer.identify_micro_motives": {"executed_lines": [], "summary": {"covered_lines": 0, "num_statements": 1, "percent_covered": 0.0, "percent_covered_display": "0", "missing_lines": 1, "excluded_lines": 0, "percent_statements_covered": 0.0, "percent_statements_covered_display": "0"}, "missing_lines": [52], "excluded_lines": [], "start_line": 40}, "": {"executed_lines": [], "summary": {"covered_lines": 0, "num_statements": 7, "percent_covered": 0.0, "percent_covered_display": "0", "missing_lines": 7, "excluded_lines": 0, "percent_statements_covered": 0.0, "percent_statements_covered_display": "0"}, "missing_lines": [3, 4, 6, 13, 16, 22, 40], "excluded_lines": [], "start_line": 1}}, "classes": {"BaseScorer": {"executed_lines": [], "summary": {"covered_lines": 0, "num_statements": 2, "percent_covered": 0.0, "percent_covered_display": "0", "missing_lines": 2, "excluded_lines": 0, "percent_statements_covered": 0.0, "percent_statements_covered_display": "0"}, "missing_lines": [38, 52], "excluded_lines": [], "start_line": 16}, "": {"executed_lines": [], "summary": {"covered_lines": 0, "num_statements": 7, "percent_covered": 0.0, "percent_covered_display": "0", "missing_lines": 7, "excluded_lines": 0, "percent_statements_covered": 0.0, "percent_statements_covered_display": "0"}, "missing_lines": [3, 4, 6, 13, 16, 22, 40], "excluded_lines": [], "start_line": 1}}}, "src/shared_ai_utils/assessment/scorers/council_adapter.py": {"executed_lines": [], "summary": {"covered_lines": 0, "num_statements": 58, "percent_covered": 0.0, "percent_covered_display": "0", "missing_lines": 58, "excluded_lines": 0, "percent_statements_covered": 0.0, "percent_statements_covered_display": "0"}, "missing_lines": [7, 8, 9, 11, 12, 20, 23, 32, 39, 40, 41, 42, 44, 50, 51, 53, 55, 56, 57, 58, 59, 62, 63, 65, 67, 68, 69, 70, 71, 72, 73, 75, 89, 90, 92, 93, 94, 97, 106, 108, 111, 112, 114, 122, 123, 124, 126, 142, 143, 146, 147, 150, 171, 172, 174, 181, 183, 187], "excluded_lines": [], "functions": {"CouncilAdapter.__init__": {"executed_lines": [], "summary": {"covered_lines": 0, "num_statements": 4, "percent_covered": 0.0, "percent_covered_display": "0", "missing_lines": 4, "excluded_lines": 0, "percent_statements_covered": 0.0, "percent_statements_covered_display": "0"}, "missing_lines": [39, 40, 41, 42], "excluded_lines": [], "start_line": 32}, "CouncilAdapter.load_if_available": {"executed_lines": [], "summary": {"covered_lines": 0, "num_statements": 18, "percent_covered": 0.0, "percent_covered_display": "0", "missing_lines": 18, "excluded_lines": 0, "percent_statements_covered": 0.0, "percent_statements_covered_display": "0"}, "missing_lines": [50, 51, 53, 55, 56, 57, 58, 59, 62, 63, 65, 67, 68, 69, 70, 71, 72, 73], "excluded_lines": [], "start_line": 44}, "CouncilAdapter.get_insights": {"executed_lines": [], "summary": {"covered_lines": 0, "num_statements": 14, "percent_covered": 0.0, "percent_covered_display": "0", "missing_lines": 14, "excluded_lines": 0, "percent_statements_covered": 0.0, "percent_statements_covered_display": "0"}, "missing_lines": [89, 90, 92, 93, 94, 97, 106, 108, 111, 112, 114, 122, 123, 124], "excluded_lines": [], "start_line": 75}, "CouncilAdapter.enhance_metrics": {"executed_lines": [], "summary": {"covered_lines": 0, "num_statements": 7, "percent_covered": 0.0, "percent_covered_display": "0", "missing_lines": 7, "excluded_lines": 0, "percent_statements_covered": 0.0, "percent_statements_covered_display": "0"}, "missing_lines": [142, 143, 146, 147, 150, 171, 172], "excluded_lines": [], "start_line": 126}, "CouncilAdapter.generate_metrics_for_path": {"executed_lines": [], "summary": {"covered_lines": 0, "num_statements": 1, "percent_covered": 0.0, "percent_covered_display": "0", "missing_lines": 1, "excluded_lines": 0, "percent_statements_covered": 0.0, "percent_statements_covered_display": "0"}, "missing_lines": [181], "excluded_lines": [], "start_line": 174}, "CouncilAdapter.identify_micro_motives": {"executed_lines": [], "summary": {"covered_lines": 0, "num_statements": 1, "percent_covered": 0.0, "percent_covered_display": "0", "missing_lines": 1, "excluded_lines": 0, "percent_statements_covered": 0.0, "percent_statements_covered_display": "0"}, "missing_lines": [187], "excluded_lines": [], "start_line": 183}, "": {"executed_lines": [], "summary": {"covered_lines": 0, "num_statements": 13, "percent_covered": 0.0, "percent_covered_display": "0", "missing_lines": 13, "excluded_lines": 0, "percent_statements_covered": 0.0, "percent_statements_covered_display": "0"}, "missing_lines": [7, 8, 9, 11, 12, 20, 23, 32, 44, 75, 126, 174, 183], "excluded_lines": [], "start_line": 1}}, "classes": {"CouncilAdapter": {"executed_lines": [], "summary": {"covered_lines": 0, "num_statements": 45, "percent_covered": 0.0, "percent_covered_display": "0", "missing_lines": 45, "excluded_lines": 0, "percent_statements_covered": 0.0, "percent_statements_covered_display": "0"}, "missing_lines": [39, 40, 41, 42, 50, 51, 53, 55, 56, 57, 58, 59, 62, 63, 65, 67, 68, 69, 70, 71, 72, 73, 89, 90, 92, 93, 94, 97, 106, 108, 111, 112, 114, 122, 123, 124, 142, 143, 146, 147, 150, 171, 172, 181, 187], "excluded_lines": [], "start_line": 23}, "": {"executed_lines": [], "summary": {"covered_lines": 0, "num_statements": 13, "percent_covered": 0.0, "percent_covered_display": "0", "missing_lines": 13, "excluded_lines": 0, "percent_statements_covered": 0.0, "percent_statements_covered_display": "0"}, "missing_lines": [7, 8, 9, 11, 12, 20, 23, 32, 44, 75, 126, 174, 183], "excluded_lines": [], "start_line": 1}}}, "src/shared_ai_utils/assessment/scorers/heuristic.py": {"executed_lines": [], "summary": {"covered_lines": 0, "num_statements": 242, "percent_covered": 0.0, "percent_covered_display": "0", "missing_lines": 242, "excluded_lines": 0, "percent_statements_covered": 0.0, "percent_statements_covered_display": "0"}, "missing_lines": [3, 4, 6, 7, 14, 19, 22, 25, 33, 34, 35, 36, 37, 40, 43, 49, 50, 56, 58, 65, 66, 67, 69, 70, 71, 72, 73, 74, 75, 76, 78, 80, 84, 86, 90, 93, 94, 95, 97, 110, 111, 124, 125, 137, 139, 141, 144, 145, 158, 159, 171, 173, 175, 178, 179, 192, 193, 205, 207, 209, 212, 213, 225, 229, 233, 234, 235, 236, 240, 241, 242, 243, 245, 246, 247, 248, 249, 251, 252, 253, 254, 256, 257, 258, 259, 262, 263, 269, 271, 275, 276, 277, 285, 286, 294, 295, 296, 297, 306, 308, 310, 311, 312, 316, 317, 318, 319, 321, 323, 325, 326, 327, 328, 329, 330, 331, 332, 333, 335, 337, 338, 339, 340, 348, 350, 352, 353, 354, 355, 356, 358, 360, 361, 362, 363, 364, 365, 366, 367, 368, 370, 372, 373, 374, 382, 384, 386, 387, 388, 389, 390, 392, 394, 395, 396, 397, 398, 399, 400, 402, 404, 405, 406, 414, 416, 418, 419, 420, 421, 422, 424, 426, 427, 428, 429, 430, 431, 432, 434, 436, 437, 438, 446, 448, 450, 451, 452, 453, 454, 456, 458, 459, 460, 461, 462, 463, 464, 466, 468, 469, 470, 478, 480, 482, 483, 484, 485, 486, 488, 490, 491, 492, 497, 498, 499, 501, 503, 512, 514, 515, 516, 517, 518, 520, 522, 523, 524, 525, 526, 527, 528, 530, 532, 533, 534, 542, 544, 546, 547, 548, 549, 550], "excluded_lines": [], "functions": {"HeuristicScorerConfig.__init__": {"executed_lines": [], "summary": {"covered_lines": 0, "num_statements": 5, "percent_covered": 0.0, "percent_covered_display": "0", "missing_lines": 5, "excluded_lines": 0, "percent_statements_covered": 0.0, "percent_statements_covered_display": "0"}, "missing_lines": [33, 34, 35, 36, 37], "excluded_lines": [], "start_line": 25}, "HeuristicScorer.__init__": {"executed_lines": [], "summary": {"covered_lines": 0, "num_statements": 3, "percent_covered": 0.0, "percent_covered_display": "0", "missing_lines": 3, "excluded_lines": 0, "percent_statements_covered": 0.0, "percent_statements_covered_display": "0"}, "missing_lines": [49, 50, 56], "excluded_lines": [], "start_line": 43}, "HeuristicScorer.generate_metrics_for_path": {"executed_lines": [], "summary": {"covered_lines": 0, "num_statements": 12, "percent_covered": 0.0, "percent_covered_display": "0", "missing_lines": 12, "excluded_lines": 0, "percent_statements_covered": 0.0, "percent_statements_covered_display": "0"}, "missing_lines": [65, 66, 67, 69, 70, 71, 72, 73, 74, 75, 76, 78], "excluded_lines": [], "start_line": 58}, "HeuristicScorer.identify_micro_motives": {"executed_lines": [], "summary": {"covered_lines": 0, "num_statements": 1, "percent_covered": 0.0, "percent_covered_display": "0", "missing_lines": 1, "excluded_lines": 0, "percent_statements_covered": 0.0, "percent_statements_covered_display": "0"}, "missing_lines": [84], "excluded_lines": [], "start_line": 80}, "HeuristicScorer._analyze_technical": {"executed_lines": [], "summary": {"covered_lines": 0, "num_statements": 10, "percent_covered": 0.0, "percent_covered_display": "0", "missing_lines": 10, "excluded_lines": 0, "percent_statements_covered": 0.0, "percent_statements_covered_display": "0"}, "missing_lines": [90, 93, 94, 95, 97, 110, 111, 124, 125, 137], "excluded_lines": [], "start_line": 86}, "HeuristicScorer._analyze_design": {"executed_lines": [], "summary": {"covered_lines": 0, "num_statements": 6, "percent_covered": 0.0, "percent_covered_display": "0", "missing_lines": 6, "excluded_lines": 0, "percent_statements_covered": 0.0, "percent_statements_covered_display": "0"}, "missing_lines": [141, 144, 145, 158, 159, 171], "excluded_lines": [], "start_line": 139}, "HeuristicScorer._analyze_collaboration": {"executed_lines": [], "summary": {"covered_lines": 0, "num_statements": 6, "percent_covered": 0.0, "percent_covered_display": "0", "missing_lines": 6, "excluded_lines": 0, "percent_statements_covered": 0.0, "percent_statements_covered_display": "0"}, "missing_lines": [175, 178, 179, 192, 193, 205], "excluded_lines": [], "start_line": 173}, "HeuristicScorer._analyze_problem_solving_path": {"executed_lines": [], "summary": {"covered_lines": 0, "num_statements": 4, "percent_covered": 0.0, "percent_covered_display": "0", "missing_lines": 4, "excluded_lines": 0, "percent_statements_covered": 0.0, "percent_statements_covered_display": "0"}, "missing_lines": [209, 212, 213, 225], "excluded_lines": [], "start_line": 207}, "HeuristicScorer._analyze_code_quality": {"executed_lines": [], "summary": {"covered_lines": 0, "num_statements": 24, "percent_covered": 0.0, "percent_covered_display": "0", "missing_lines": 24, "excluded_lines": 0, "percent_statements_covered": 0.0, "percent_statements_covered_display": "0"}, "missing_lines": [233, 234, 235, 236, 240, 241, 242, 243, 245, 246, 247, 248, 249, 251, 252, 253, 254, 256, 257, 258, 259, 262, 263, 269], "excluded_lines": [], "start_line": 229}, "HeuristicScorer._generate_code_quality_evidence": {"executed_lines": [], "summary": {"covered_lines": 0, "num_statements": 10, "percent_covered": 0.0, "percent_covered_display": "0", "missing_lines": 10, "excluded_lines": 0, "percent_statements_covered": 0.0, "percent_statements_covered_display": "0"}, "missing_lines": [275, 276, 277, 285, 286, 294, 295, 296, 297, 306], "excluded_lines": [], "start_line": 271}, "HeuristicScorer._explain_code_quality": {"executed_lines": [], "summary": {"covered_lines": 0, "num_statements": 8, "percent_covered": 0.0, "percent_covered_display": "0", "missing_lines": 8, "excluded_lines": 0, "percent_statements_covered": 0.0, "percent_statements_covered_display": "0"}, "missing_lines": [310, 311, 312, 316, 317, 318, 319, 321], "excluded_lines": [], "start_line": 308}, "HeuristicScorer._analyze_problem_solving": {"executed_lines": [], "summary": {"covered_lines": 0, "num_statements": 9, "percent_covered": 0.0, "percent_covered_display": "0", "missing_lines": 9, "excluded_lines": 0, "percent_statements_covered": 0.0, "percent_statements_covered_display": "0"}, "missing_lines": [325, 326, 327, 328, 329, 330, 331, 332, 333], "excluded_lines": [], "start_line": 323}, "HeuristicScorer._generate_problem_solving_evidence": {"executed_lines": [], "summary": {"covered_lines": 0, "num_statements": 5, "percent_covered": 0.0, "percent_covered_display": "0", "missing_lines": 5, "excluded_lines": 0, "percent_statements_covered": 0.0, "percent_statements_covered_display": "0"}, "missing_lines": [337, 338, 339, 340, 348], "excluded_lines": [], "start_line": 335}, "HeuristicScorer._explain_problem_solving": {"executed_lines": [], "summary": {"covered_lines": 0, "num_statements": 5, "percent_covered": 0.0, "percent_covered_display": "0", "missing_lines": 5, "excluded_lines": 0, "percent_statements_covered": 0.0, "percent_statements_covered_display": "0"}, "missing_lines": [352, 353, 354, 355, 356], "excluded_lines": [], "start_line": 350}, "HeuristicScorer._analyze_testing": {"executed_lines": [], "summary": {"covered_lines": 0, "num_statements": 9, "percent_covered": 0.0, "percent_covered_display": "0", "missing_lines": 9, "excluded_lines": 0, "percent_statements_covered": 0.0, "percent_statements_covered_display": "0"}, "missing_lines": [360, 361, 362, 363, 364, 365, 366, 367, 368], "excluded_lines": [], "start_line": 358}, "HeuristicScorer._generate_testing_evidence": {"executed_lines": [], "summary": {"covered_lines": 0, "num_statements": 4, "percent_covered": 0.0, "percent_covered_display": "0", "missing_lines": 4, "excluded_lines": 0, "percent_statements_covered": 0.0, "percent_statements_covered_display": "0"}, "missing_lines": [372, 373, 374, 382], "excluded_lines": [], "start_line": 370}, "HeuristicScorer._explain_testing": {"executed_lines": [], "summary": {"covered_lines": 0, "num_statements": 5, "percent_covered": 0.0, "percent_covered_display": "0", "missing_lines": 5, "excluded_lines": 0, "percent_statements_covered": 0.0, "percent_statements_covered_display": "0"}, "missing_lines": [386, 387, 388, 389, 390], "excluded_lines": [], "start_line": 384}, "HeuristicScorer._analyze_architecture": {"executed_lines": [], "summary": {"covered_lines": 0, "num_statements": 7, "percent_covered": 0.0, "percent_covered_display": "0", "missing_lines": 7, "excluded_lines": 0, "percent_statements_covered": 0.0, "percent_statements_covered_display": "0"}, "missing_lines": [394, 395, 396, 397, 398, 399, 400], "excluded_lines": [], "start_line": 392}, "HeuristicScorer._generate_architecture_evidence": {"executed_lines": [], "summary": {"covered_lines": 0, "num_statements": 4, "percent_covered": 0.0, "percent_covered_display": "0", "missing_lines": 4, "excluded_lines": 0, "percent_statements_covered": 0.0, "percent_statements_covered_display": "0"}, "missing_lines": [404, 405, 406, 414], "excluded_lines": [], "start_line": 402}, "HeuristicScorer._explain_architecture": {"executed_lines": [], "summary": {"covered_lines": 0, "num_statements": 5, "percent_covered": 0.0, "percent_covered_display": "0", "missing_lines": 5, "excluded_lines": 0, "percent_statements_covered": 0.0, "percent_statements_covered_display": "0"}, "missing_lines": [418, 419, 420, 421, 422], "excluded_lines": [], "start_line": 416}, "HeuristicScorer._analyze_design_thinking": {"executed_lines": [], "summary": {"covered_lines": 0, "num_statements": 7, "percent_covered": 0.0, "percent_covered_display": "0", "missing_lines": 7, "excluded_lines": 0, "percent_statements_covered": 0.0, "percent_statements_covered_display": "0"}, "missing_lines": [426, 427, 428, 429, 430, 431, 432], "excluded_lines": [], "start_line": 424}, "HeuristicScorer._generate_design_thinking_evidence": {"executed_lines": [], "summary": {"covered_lines": 0, "num_statements": 4, "percent_covered": 0.0, "percent_covered_display": "0", "missi
[...]
 0, "percent_covered": 100.0, "percent_covered_display": "100", "missing_lines": 0, "excluded_lines": 0, "percent_statements_covered": 100.0, "percent_statements_covered_display": "100"}, "missing_lines": [], "excluded_lines": [], "start_line": 1}}, "classes": {"": {"executed_lines": [], "summary": {"covered_lines": 0, "num_statements": 0, "percent_covered": 100.0, "percent_covered_display": "100", "missing_lines": 0, "excluded_lines": 0, "percent_statements_covered": 100.0, "percent_statements_covered_display": "100"}, "missing_lines": [], "excluded_lines": [], "start_line": 1}}}, "src/shared_ai_utils/rules/builder.py": {"executed_lines": [], "summary": {"covered_lines": 0, "num_statements": 28, "percent_covered": 0.0, "percent_covered_display": "0", "missing_lines": 28, "excluded_lines": 0, "percent_statements_covered": 0.0, "percent_statements_covered_display": "0"}, "missing_lines": [7, 8, 11, 24, 27, 33, 34, 37, 39, 45, 48, 68, 69, 70, 71, 72, 73, 74, 76, 78, 80, 86, 87, 88, 89, 92, 94, 95], "excluded_lines": [], "functions": {"RuleBuilder.__init__": {"executed_lines": [], "summary": {"covered_lines": 0, "num_statements": 3, "percent_covered": 0.0, "percent_covered_display": "0", "missing_lines": 3, "excluded_lines": 0, "percent_statements_covered": 0.0, "percent_statements_covered_display": "0"}, "missing_lines": [33, 34, 37], "excluded_lines": [], "start_line": 27}, "RuleBuilder.build": {"executed_lines": [], "summary": {"covered_lines": 0, "num_statements": 11, "percent_covered": 0.0, "percent_covered_display": "0", "missing_lines": 11, "excluded_lines": 0, "percent_statements_covered": 0.0, "percent_statements_covered_display": "0"}, "missing_lines": [45, 48, 68, 69, 70, 71, 72, 73, 74, 76, 78], "excluded_lines": [], "start_line": 39}, "RuleBuilder.write_to_file": {"executed_lines": [], "summary": {"covered_lines": 0, "num_statements": 4, "percent_covered": 0.0, "percent_covered_display": "0", "missing_lines": 4, "excluded_lines": 0, "percent_statements_covered": 0.0, "percent_statements_covered_display": "0"}, "missing_lines": [86, 87, 88, 89], "excluded_lines": [], "start_line": 80}, "": {"executed_lines": [], "summary": {"covered_lines": 0, "num_statements": 10, "percent_covered": 0.0, "percent_covered_display": "0", "missing_lines": 10, "excluded_lines": 0, "percent_statements_covered": 0.0, "percent_statements_covered_display": "0"}, "missing_lines": [7, 8, 11, 24, 27, 39, 80, 92, 94, 95], "excluded_lines": [], "start_line": 1}}, "classes": {"RuleBuilder": {"executed_lines": [], "summary": {"covered_lines": 0, "num_statements": 18, "percent_covered": 0.0, "percent_covered_display": "0", "missing_lines": 18, "excluded_lines": 0, "percent_statements_covered": 0.0, "percent_statements_covered_display": "0"}, "missing_lines": [33, 34, 37, 45, 48, 68, 69, 70, 71, 72, 73, 74, 76, 78, 86, 87, 88, 89], "excluded_lines": [], "start_line": 24}, "": {"executed_lines": [], "summary": {"covered_lines": 0, "num_statements": 10, "percent_covered": 0.0, "percent_covered_display": "0", "missing_lines": 10, "excluded_lines": 0, "percent_statements_covered": 0.0, "percent_statements_covered_display": "0"}, "missing_lines": [7, 8, 11, 24, 27, 39, 80, 92, 94, 95], "excluded_lines": [], "start_line": 1}}}, "src/shared_ai_utils/tts/__init__.py": {"executed_lines": [], "summary": {"covered_lines": 0, "num_statements": 3, "percent_covered": 0.0, "percent_covered_display": "0", "missing_lines": 3, "excluded_lines": 0, "percent_statements_covered": 0.0, "percent_statements_covered_display": "0"}, "missing_lines": [8, 14, 16], "excluded_lines": [], "functions": {"": {"executed_lines": [], "summary": {"covered_lines": 0, "num_statements": 3, "percent_covered": 0.0, "percent_covered_display": "0", "missing_lines": 3, "excluded_lines": 0, "percent_statements_covered": 0.0, "percent_statements_covered_display": "0"}, "missing_lines": [8, 14, 16], "excluded_lines": [], "start_line": 1}}, "classes": {"": {"executed_lines": [], "summary": {"covered_lines": 0, "num_statements": 3, "percent_covered": 0.0, "percent_covered_display": "0", "missing_lines": 3, "excluded_lines": 0, "percent_statements_covered": 0.0, "percent_statements_covered_display": "0"}, "missing_lines": [8, 14, 16], "excluded_lines": [], "start_line": 1}}}, "src/shared_ai_utils/tts/manager.py": {"executed_lines": [], "summary": {"covered_lines": 0, "num_statements": 81, "percent_covered": 0.0, "percent_covered_display": "0", "missing_lines": 81, "excluded_lines": 0, "percent_statements_covered": 0.0, "percent_statements_covered_display": "0"}, "missing_lines": [8, 9, 11, 18, 21, 31, 36, 52, 53, 56, 57, 60, 61, 62, 63, 66, 67, 68, 71, 72, 75, 76, 77, 78, 79, 80, 81, 83, 85, 90, 111, 112, 113, 114, 115, 118, 119, 120, 121, 122, 123, 124, 126, 128, 149, 150, 151, 152, 153, 154, 155, 158, 159, 160, 161, 162, 163, 164, 165, 166, 168, 170, 180, 181, 184, 185, 188, 189, 192, 193, 196, 199, 200, 201, 202, 204, 208, 211, 222, 223, 224], "excluded_lines": [], "functions": {"TTSManager.__init__": {"executed_lines": [], "summary": {"covered_lines": 0, "num_statements": 20, "percent_covered": 0.0, "percent_covered_display": "0", "missing_lines": 20, "excluded_lines": 0, "percent_statements_covered": 0.0, "percent_statements_covered_display": "0"}, "missing_lines": [52, 53, 56, 57, 60, 61, 62, 63, 66, 67, 68, 71, 72, 75, 76, 77, 78, 79, 80, 81], "excluded_lines": [], "start_line": 36}, "TTSManager.is_available": {"executed_lines": [], "summary": {"covered_lines": 0, "num_statements": 1, "percent_covered": 0.0, "percent_covered_display": "0", "missing_lines": 1, "excluded_lines": 0, "percent_statements_covered": 0.0, "percent_statements_covered_display": "0"}, "missing_lines": [85], "excluded_lines": [], "start_line": 83}, "TTSManager.generate_speech": {"executed_lines": [], "summary": {"covered_lines": 0, "num_statements": 13, "percent_covered": 0.0, "percent_covered_display": "0", "missing_lines": 13, "excluded_lines": 0, "percent_statements_covered": 0.0, "percent_statements_covered_display": "0"}, "missing_lines": [111, 112, 113, 114, 115, 118, 119, 120, 121, 122, 123, 124, 126], "excluded_lines": [], "start_line": 90}, "TTSManager.stream_speech": {"executed_lines": [], "summary": {"covered_lines": 0, "num_statements": 17, "percent_covered": 0.0, "percent_covered_display": "0", "missing_lines": 17, "excluded_lines": 0, "percent_statements_covered": 0.0, "percent_statements_covered_display": "0"}, "missing_lines": [149, 150, 151, 152, 153, 154, 155, 158, 159, 160, 161, 162, 163, 164, 165, 166, 168], "excluded_lines": [], "start_line": 128}, "TTSManager.list_voices": {"executed_lines": [], "summary": {"covered_lines": 0, "num_statements": 14, "percent_covered": 0.0, "percent_covered_display": "0", "missing_lines": 14, "excluded_lines": 0, "percent_statements_covered": 0.0, "percent_statements_covered_display": "0"}, "missing_lines": [180, 181, 184, 185, 188, 189, 192, 193, 196, 199, 200, 201, 202, 204], "excluded_lines": [], "start_line": 170}, "get_tts_manager": {"executed_lines": [], "summary": {"covered_lines": 0, "num_statements": 3, "percent_covered": 0.0, "percent_covered_display": "0", "missing_lines": 3, "excluded_lines": 0, "percent_statements_covered": 0.0, "percent_statements_covered_display": "0"}, "missing_lines": [222, 223, 224], "excluded_lines": [], "start_line": 211}, "": {"executed_lines": [], "summary": {"covered_lines": 0, "num_statements": 13, "percent_covered": 0.0, "percent_covered_display": "0", "missing_lines": 13, "excluded_lines": 0, "percent_statements_covered": 0.0, "percent_statements_covered_display": "0"}, "missing_lines": [8, 9, 11, 18, 21, 31, 36, 83, 90, 128, 170, 208, 211], "excluded_lines": [], "start_line": 1}}, "classes": {"TTSManager": {"executed_lines": [], "summary": {"covered_lines": 0, "num_statements": 65, "percent_covered": 0.0, "percent_covered_display": "0", "missing_lines": 65, "excluded_lines": 0, "percent_statements_covered": 0.0, "percent_statements_covered_display": "0"}, "missing_lines": [52, 53, 56, 57, 60, 61, 62, 63, 66, 67, 68, 71, 72, 75, 76, 77, 78, 79, 80, 81, 85, 111, 112, 113, 114, 115, 118, 119, 120, 121, 122, 123, 124, 126, 149, 150, 151, 152, 153, 154, 155, 158, 159, 160, 161, 162, 163, 164, 165, 166, 168, 180, 181, 184, 185, 188, 189, 192, 193, 196, 199, 200, 201, 202, 204], "excluded_lines": [], "start_line": 21}, "": {"executed_lines": [], "summary": {"covered_lines": 0, "num_statements": 16, "percent_covered": 0.0, "percent_covered_display": "0", "missing_lines": 16, "excluded_lines": 0, "percent_statements_covered": 0.0, "percent_statements_covered_display": "0"}, "missing_lines": [8, 9, 11, 18, 21, 31, 36, 83, 90, 128, 170, 208, 211, 222, 223, 224], "excluded_lines": [], "start_line": 1}}}, "src/shared_ai_utils/tts/providers.py": {"executed_lines": [], "summary": {"covered_lines": 0, "num_statements": 146, "percent_covered": 0.0, "percent_covered_display": "0", "missing_lines": 146, "excluded_lines": 0, "percent_statements_covered": 0.0, "percent_statements_covered_display": "0"}, "missing_lines": [10, 11, 12, 13, 14, 15, 17, 19, 22, 23, 26, 27, 28, 29, 30, 31, 32, 34, 35, 36, 39, 42, 43, 57, 59, 60, 74, 76, 77, 84, 86, 87, 89, 91, 92, 93, 95, 98, 101, 102, 104, 111, 112, 114, 116, 118, 119, 120, 122, 126, 127, 131, 132, 134, 135, 136, 142, 143, 144, 145, 146, 147, 149, 156, 157, 158, 160, 164, 165, 169, 170, 172, 173, 174, 180, 181, 182, 185, 186, 187, 188, 190, 191, 192, 193, 194, 195, 197, 199, 200, 202, 203, 205, 206, 207, 208, 209, 210, 212, 213, 214, 215, 223, 224, 225, 226, 228, 230, 238, 241, 242, 244, 251, 252, 254, 256, 258, 259, 260, 262, 266, 267, 271, 272, 274, 275, 276, 278, 279, 280, 281, 282, 283, 285, 292, 293, 294, 296, 303, 306, 307, 308, 309, 310, 312, 315], "excluded_lines": [], "functions": {"TTSResponse.__post_init__": {"executed_lines": [], "summary": {"covered_lines": 0, "num_statements": 2, "percent_covered": 0.0, "percent_covered_display": "0", "missing_lines": 2, "excluded_lines": 0, "percent_statements_covered": 0.0, "percent_statements_covered_display": "0"}, "missing_lines": [35, 36], "excluded_lines": [], "start_line": 34}, "TTSProvider.generate_speech": {"executed_lines": [], "summary": {"covered_lines": 0, "num_statements": 1, "percent_covered": 0.0, "percent_covered_display": "0", "missing_lines": 1, "excluded_lines": 0, "percent_statements_covered": 0.0, "percent_statements_covered_display": "0"}, "missing_lines": [57], "excluded_lines": [], "start_line": 43}, "TTSProvider.stream_speech": {"executed_lines": [], "summary": {"covered_lines": 0, "num_statements": 1, "percent_covered": 0.0, "percent_covered_display": "0", "missing_lines": 1, "excluded_lines": 0, "percent_statements_covered": 0.0, "percent_statements_covered_display": "0"}, "missing_lines": [74], "excluded_lines": [], "start_line": 60}, "TTSProvider.list_voices": {"executed_lines": [], "summary": {"covered_lines": 0, "num_statements": 1, "percent_covered": 0.0, "percent_covered_display": "0", "missing_lines": 1, "excluded_lines": 0, "percent_statements_covered": 0.0, "percent_statements_covered_display": "0"}, "missing_lines": [84], "excluded_lines": [], "start_line": 77}, "TTSProvider.is_available": {"executed_lines": [], "summary": {"covered_lines": 0, "num_statements": 1, "percent_covered": 0.0, "percent_covered_display": "0", "missing_lines": 1, "excluded_lines": 0, "percent_statements_covered": 0.0, "percent_statements_covered_display": "0"}, "missing_lines": [89], "excluded_lines": [], "start_line": 87}, "TTSProvider.provider_name": {"executed_lines": [], "summary": {"covered_lines": 0, "num_statements": 1, "percent_covered": 0.0, "percent_covered_display": "0", "missing_lines": 1, "excluded_lines": 0, "percent_statements_covered": 0.0, "percent_statements_covered_display": "0"}, "missing_lines": [95], "excluded_lines": [], "start_line": 93}, "ElevenLabsTTSProvider.__init__": {"executed_lines": [], "summary": {"covered_lines": 0, "num_statements": 2, "percent_covered": 0.0, "percent_covered_display": "0", "missing_lines": 2, "excluded_lines": 0, "percent_statements_covered": 0.0, "percent_statements_covered_display": "0"}, "missing_lines": [111, 112], "excluded_lines": [], "start_line": 104}, "ElevenLabsTTSProvider.is_available": {"executed_lines": [], "summary": {"covered_lines": 0, "num_statements": 1, "percent_covered": 0.0, "percent_covered_display": "0", "missing_lines": 1, "excluded_lines": 0, "percent_statements_covered": 0.0, "percent_statements_covered_display": "0"}, "missing_lines": [116], "excluded_lines": [], "start_line": 114}, "ElevenLabsTTSProvider.provider_name": {"executed_lines": [], "summary": {"covered_lines": 0, "num_statements": 1, "percent_covered": 0.0, "percent_covered_display": "0", "missing_lines": 1, "excluded_lines": 0, "percent_statements_covered": 0.0, "percent_statements_covered_display": "0"}, "missing_lines": [120], "excluded_lines": [], "start_line": 119}, "ElevenLabsTTSProvider.generate_speech": {"executed_lines": [], "summary": {"covered_lines": 0, "num_statements": 17, "percent_covered": 0.0, "percent_covered_display": "0", "missing_lines": 17, "excluded_lines": 0, "percent_statements_covered": 0.0, "percent_statements_covered_display": "0"}, "missing_lines": [126, 127, 131, 132, 134, 135, 136, 142, 143, 144, 145, 146, 147, 149, 156, 157, 158], "excluded_lines": [], "start_line": 122}, "ElevenLabsTTSProvider.stream_speech": {"executed_lines": [], "summary": {"covered_lines": 0, "num_statements": 20, "percent_covered": 0.0, "percent_covered_display": "0", "missing_lines": 20, "excluded_lines": 0, "percent_statements_covered": 0.0, "percent_statements_covered_display": "0"}, "missing_lines": [164, 165, 169, 170, 172, 173, 174, 180, 181, 182, 185, 186, 187, 188, 190, 191, 192, 193, 194, 195], "excluded_lines": [], "start_line": 160}, "ElevenLabsTTSProvider.list_voices": {"executed_lines": [], "summary": {"covered_lines": 0, "num_statements": 18, "percent_covered": 0.0, "percent_covered_display": "0", "missing_lines": 18, "excluded_lines": 0, "percent_statements_covered": 0.0, "percent_statements_covered_display": "0"}, "missing_lines": [199, 200, 202, 203, 205, 206, 207, 208, 209, 210, 212, 213, 214, 215, 223, 224, 225, 226], "excluded_lines": [], "start_line": 197}, "ElevenLabsTTSProvider._get_default_voices": {"executed_lines": [], "summary": {"covered_lines": 0, "num_statements": 1, "percent_covered": 0.0, "percent_covered_display": "0", "missing_lines": 1, "excluded_lines": 0, "percent_statements_covered": 0.0, "percent_statements_covered_display": "0"}, "missing_lines": [230], "excluded_lines": [], "start_line": 228}, "OpenAITTSProvider.__init__": {"executed_lines": [], "summary": {"covered_lines": 0, "num_statements": 2, "percent_covered": 0.0, "percent_covered_display": "0", "missing_lines": 2, "excluded_lines": 0, "percent_statements_covered": 0.0, "percent_statements_covered_display": "0"}, "missing_lines": [251, 252], "excluded_lines": [], "start_line": 244}, "OpenAITTSProvider.is_available": {"executed_lines": [], "summary": {"covered_lines": 0, "num_statements": 1, "percent_covered": 0.0, "percent_covered_display": "0", "missing_lines": 1, "excluded_lines": 0, "percent_statements_covered": 0.0, "percent_statements_covered_display": "0"}, "missing_lines": [256], "excluded_lines": [], "start_line": 254}, "OpenAITTSProvider.provider_name": {"executed_lines": [], "summary": {"covered_lines": 0, "num_statements": 1, "percent_covered": 0.0, "percent_covered_display": "0", "missing_lines": 1, "excluded_lines": 0, "percent_statements_covered": 0.0, "percent_statements_covered_display": "0"}, "missing_lines": [260], "excluded_lines": [], "start_line": 259}, "OpenAITTSProvider.generate_speech": {"executed_lines": [], "summary": {"covered_lines": 0, "num_statements": 17, "percent_covered": 0.0, "percent_covered_display": "0", "missing_lines": 17, "excluded_lines": 0, "percent_statements_covered": 0.0, "percent_statements_covered_display": "0"}, "missing_lines": [266, 267, 271, 272, 274, 275, 276, 278, 279, 280, 281, 282, 283, 285, 292, 293, 294], "excluded_lines": [], "start_line": 262}, "OpenAITTSProvider.stream_speech": {"executed_lines": [], "summary": {"covered_lines": 0, "num_statements": 6, "percent_covered": 0.0, "percent_covered_display": "0", "missing_lines": 6, "excluded_lines": 0, "percent_statements_covered": 0.0, "percent_statements_covered_display": "0"}, "missing_lines": [303, 306, 307, 308, 309, 310], "excluded_lines": [], "start_line": 296}, "OpenAITTSProvider.list_voices": {"executed_lines": [], "summary": {"covered_lines": 0, "num_statements": 1, "percent_covered": 0.0, "percent_covered_display": "0", "missing_lines": 1, "excluded_lines": 0, "percent_statements_covered": 0.0, "percent_statements_covered_display": "0"}, "missing_lines": [315], "excluded_lines": [], "start_line": 312}, "": {"executed_lines": [], "summary": {"covered_lines": 0, "num_statements": 51, "percent_covered": 0.0, "percent_covered_display": "0", "missing_lines": 51, "excluded_lines": 0, "percent_statements_covered": 0.0, "percent_statements_covered_display": "0"}, "missing_lines": [10, 11, 12, 13, 14, 15, 17, 19, 22, 23, 26, 27, 28, 29, 30, 31, 32, 34, 39, 42, 43, 59, 60, 76, 77, 86, 87, 91, 92, 93, 98, 101, 102, 104, 114, 118, 119, 122, 160, 197, 228, 238, 241, 242, 244, 254, 258, 259, 262, 296, 312], "excluded_lines": [], "start_line": 1}}, "classes": {"TTSResponse": {"executed_lines": [], "summary": {"covered_lines": 0, "num_statements": 2, "percent_covered": 0.0, "percent_covered_display": "0", "missing_lines": 2, "excluded_lines": 0, "percent_statements_covered": 0.0, "percent_statements_covered_display": "0"}, "missing_lines": [35, 36], "excluded_lines": [], "start_line": 23}, "TTSProvider": {"executed_lines": [], "summary": {"covered_lines": 0, "num_statements": 5, "percent_covered": 0.0, "percent_covered_display": "0", "missing_lines": 5, "excluded_lines": 0, "percent_statements_covered": 0.0, "percent_statements_covered_display": "0"}, "missing_lines": [57, 74, 84, 89, 95], "excluded_lines": [], "start_line": 39}, "ElevenLabsTTSProvider": {"executed_lines": [], "summary": {"covered_lines": 0, "num_statements": 60, "percent_covered": 0.0, "percent_covered_display": "0", "missing_lines": 60, "excluded_lines": 0, "percent_statements_covered": 0.0, "percent_statements_covered_display": "0"}, "missing_lines": [111, 112, 116, 120, 126, 127, 131, 132, 134, 135, 136, 142, 143, 144, 145, 146, 147, 149, 156, 157, 158, 164, 165, 169, 170, 172, 173, 174, 180, 181, 182, 185, 186, 187, 188, 190, 191, 192, 193, 194, 195, 199, 200, 202, 203, 205, 206, 207, 208, 209, 210, 212, 213, 214, 215, 223, 224, 225, 226, 230], "excluded_lines": [], "start_line": 98}, "OpenAITTSProvider": {"executed_lines": [], "summary": {"covered_lines": 0, "num_statements": 28, "percent_covered": 0.0, "percent_covered_display": "0", "missing_lines": 28, "excluded_lines": 0, "percent_statements_covered": 0.0, "percent_statements_covered_display": "0"}, "missing_lines": [251, 252, 256, 260, 266, 267, 271, 272, 274, 275, 276, 278, 279, 280, 281, 282, 283, 285, 292, 293, 294, 303, 306, 307, 308, 309, 310, 315], "excluded_lines": [], "start_line": 238}, "": {"executed_lines": [], "summary": {"covered_lines": 0, "num_statements": 51, "percent_covered": 0.0, "percent_covered_display": "0", "missing_lines": 51, "excluded_lines": 0, "percent_statements_covered": 0.0, "percent_statements_covered_display": "0"}, "missing_lines": [10, 11, 12, 13, 14, 15, 17, 19, 22, 23, 26, 27, 28, 29, 30, 31, 32, 34, 39, 42, 43, 59, 60, 76, 77, 86, 87, 91, 92, 93, 98, 101, 102, 104, 114, 118, 119, 122, 160, 197, 228, 238, 241, 242, 244, 254, 258, 259, 262, 296, 312], "excluded_lines": [], "start_line": 1}}}}, "totals": {"covered_lines": 0, "num_statements": 3642, "percent_covered": 0.0, "percent_covered_display": "0", "missing_lines": 3642, "excluded_lines": 14, "percent_statements_covered": 0.0, "percent_statements_covered_display": "0"}}